TN:result
SF:/home/zheli/test/nmap-7.70/liblua/lapi.c
FN:63,index2addr
FN:94,growstack
FN:100,lua_checkstack
FN:121,lua_xmove
FN:137,lua_atpanic
FN:147,lua_version
FN:163,lua_absindex
FN:170,lua_gettop
FN:175,lua_settop
FN:196,reverse
FN:210,lua_rotate
FN:225,lua_copy
FN:240,lua_pushvalue
FN:254,lua_type
FN:260,lua_typename
FN:267,lua_iscfunction
FN:273,lua_isinteger
FN:279,lua_isnumber
FN:286,lua_isstring
FN:292,lua_isuserdata
FN:298,lua_rawequal
FN:305,lua_arith
FN:321,lua_compare
FN:340,lua_stringtonumber
FN:348,lua_tonumberx
FN:359,lua_tointegerx
FN:370,lua_toboolean
FN:376,lua_tolstring
FN:395,lua_rawlen
FN:407,lua_tocfunction
FN:416,lua_touserdata
FN:426,lua_tothread
FN:432,lua_topointer
FN:453,lua_pushnil
FN:461,lua_pushnumber
FN:469,lua_pushinteger
FN:482,lua_pushlstring
FN:496,lua_pushlstring_test
FN:562,lua_pushlstring2
FN:629,lua_pushstring
FN:646,lua_pushvfstring
FN:657,lua_pushfstring
FN:670,lua_pushcclosure
FN:694,lua_pushboolean
FN:702,lua_pushlightuserdata
FN:710,lua_pushthread
FN:725,auxgetstr
FN:742,lua_getglobal
FN:749,lua_gettable
FN:759,lua_getfield
FN:765,lua_geti
FN:784,lua_rawget
FN:795,lua_rawgeti
FN:807,lua_rawgetp
FN:821,lua_createtable
FN:834,lua_getmetatable
FN:861,lua_getuservalue
FN:880,auxsetstr
FN:896,lua_setglobal
FN:903,lua_settable
FN:914,lua_setfield
FN:920,lua_seti
FN:938,lua_rawset
FN:954,lua_rawseti
FN:967,lua_rawsetp
FN:983,lua_setmetatable
FN:1023,lua_setuservalue
FN:1046,lua_callk
FN:1078,f_call
FN:1085,lua_pcallk
FN:1129,lua_load
FN:1153,lua_dump
FN:1168,lua_status
FN:1177,lua_gc
FN:1251,lua_error
FN:1260,lua_next
FN:1277,lua_concat
FN:1293,lua_len
FN:1303,lua_getallocf
FN:1313,lua_setallocf
FN:1321,lua_newuserdata
FN:1334,aux_upvalue
FN:1359,lua_getupvalue
FN:1373,lua_setupvalue
FN:1394,getupvalref
FN:1405,lua_upvalueid
FN:1424,lua_upvaluejoin
FNDA:4121184,index2addr
FNDA:1,growstack
FNDA:38130,lua_checkstack
FNDA:49,lua_xmove
FNDA:2,lua_atpanic
FNDA:36,lua_version
FNDA:744,lua_absindex
FNDA:62144,lua_gettop
FNDA:550707,lua_settop
FNDA:58425,reverse
FNDA:19475,lua_rotate
FNDA:17074,lua_copy
FNDA:72720,lua_pushvalue
FNDA:525722,lua_type
FNDA:2876,lua_typename
FNDA:0,lua_iscfunction
FNDA:6,lua_isinteger
FNDA:0,lua_isnumber
FNDA:1568,lua_isstring
FNDA:8,lua_isuserdata
FNDA:403172,lua_rawequal
FNDA:0,lua_arith
FNDA:32938,lua_compare
FNDA:2,lua_stringtonumber
FNDA:28451,lua_tonumberx
FNDA:28002,lua_tointegerx
FNDA:8456,lua_toboolean
FNDA:86182,lua_tolstring
FNDA:318321,lua_rawlen
FNDA:0,lua_tocfunction
FNDA:408635,lua_touserdata
FNDA:32,lua_tothread
FNDA:9,lua_topointer
FNDA:6902,lua_pushnil
FNDA:108,lua_pushnumber
FNDA:20051,lua_pushinteger
FNDA:68760,lua_pushlstring
FNDA:1,lua_pushlstring_test
FNDA:0,lua_pushlstring2
FNDA:3891,lua_pushstring
FNDA:3,lua_pushvfstring
FNDA:36,lua_pushfstring
FNDA:1745,lua_pushcclosure
FNDA:67,lua_pushboolean
FNDA:10972,lua_pushlightuserdata
FNDA:14,lua_pushthread
FNDA:547222,auxgetstr
FNDA:4,lua_getglobal
FNDA:17868,lua_gettable
FNDA:547218,lua_getfield
FNDA:4385,lua_geti
FNDA:1821,lua_rawget
FNDA:144309,lua_rawgeti
FNDA:0,lua_rawgetp
FNDA:45293,lua_createtable
FNDA:405123,lua_getmetatable
FNDA:193443,lua_getuservalue
FNDA:7385,auxsetstr
FNDA:18,lua_setglobal
FNDA:10623,lua_settable
FNDA:7367,lua_setfield
FNDA:131,lua_seti
FNDA:84,lua_rawset
FNDA:133234,lua_rawseti
FNDA:1,lua_rawsetp
FNDA:143700,lua_setmetatable
FNDA:95450,lua_setuservalue
FNDA:37633,lua_callk
FNDA:30,f_call
FNDA:30,lua_pcallk
FNDA:23,lua_load
FNDA:0,lua_dump
FNDA:37,lua_status
FNDA:21,lua_gc
FNDA:1,lua_error
FNDA:11641,lua_next
FNDA:2,lua_concat
FNDA:825,lua_len
FNDA:36623,lua_getallocf
FNDA:0,lua_setallocf
FNDA:143655,lua_newuserdata
FNDA:2,aux_upvalue
FNDA:0,lua_getupvalue
FNDA:2,lua_setupvalue
FNDA:0,getupvalref
FNDA:0,lua_upvalueid
FNDA:0,lua_upvaluejoin
FNF:87
FNH:75
DA:63,4121184
DA:64,4121184
DA:65,4121184
DA:66,1686441
DA:68,1686441
DA:69,1673924
DA:71,2434743
DA:73,1887648
DA:75,547095
DA:76,547000
DA:78,95
DA:80,95
DA:81,0
DA:83,95
DA:84,95
DA:94,1
DA:95,1
DA:96,1
DA:97,1
DA:100,38130
DA:102,38130
DA:105,38130
DA:106,38129
DA:108,1
DA:109,1
DA:110,0
DA:112,1
DA:114,38130
DA:115,10009
DA:117,38130
DA:121,49
DA:123,98
DA:128,49
DA:129,85
DA:130,36
DA:131,36
DA:137,2
DA:140,2
DA:141,2
DA:143,2
DA:147,36
DA:149,36
DA:150,17
DA:163,744
DA:164,1424
DA:166,1420
DA:170,62144
DA:171,62144
DA:175,550707
DA:176,550707
DA:178,550707
DA:180,29260
DA:181,22
DA:182,14619
DA:186,536088
DA:189,550707
DA:196,58425
DA:197,97639
DA:199,39214
DA:200,39214
DA:201,39214
DA:203,58425
DA:210,19475
DA:213,19475
DA:214,19475
DA:217,19475
DA:218,19475
DA:219,19475
DA:220,19475
DA:222,19475
DA:225,17074
DA:228,17074
DA:229,17074
DA:231,17074
DA:232,17074
DA:233,2
DA:237,17074
DA:240,72720
DA:242,72720
DA:243,72720
DA:245,72720
DA:254,525722
DA:255,525722
DA:256,525722
DA:260,2876
DA:263,2876
DA:267,0
DA:268,0
DA:269,0
DA:273,6
DA:274,6
DA:275,6
DA:279,0
DA:281,0
DA:282,0
DA:286,1568
DA:287,1568
DA:288,1568
DA:292,8
DA:293,8
DA:294,8
DA:298,403172
DA:299,403172
DA:300,403172
DA:301,403172
DA:305,0
DA:307,0
DA:311,0
DA:312,0
DA:315,0
DA:316,0
DA:318,0
DA:321,32938
DA:323,32938
DA:325,32938
DA:326,32938
DA:327,32938
DA:328,32938
DA:329,32938
DA:330,0
DA:331,0
DA:336,32938
DA:340,2
DA:341,2
DA:342,2
DA:343,2
DA:344,2
DA:348,28451
DA:350,28451
DA:351,28451
DA:352,28451
DA:353,10007
DA:354,28451
DA:355,28451
DA:359,28002
DA:361,28002
DA:362,28002
DA:363,28002
DA:364,1
DA:365,28002
DA:366,28002
DA:370,8456
DA:371,8456
DA:372,8456
DA:376,86182
DA:377,86182
DA:378,86182
DA:379,3
DA:380,3
DA:381,3
DA:384,0
DA:385,0
DA:386,0
DA:389,86179
DA:390,85225
DA:391,86179
DA:395,318321
DA:396,318321
DA:397,318321
DA:398,0
DA:399,0
DA:400,148760
DA:401,143097
DA:402,26464
DA:407,0
DA:408,0
DA:409,0
DA:410,0
DA:411,0
DA:412,0
DA:416,408635
DA:417,408635
DA:418,408635
DA:419,403132
DA:420,5503
DA:421,0
DA:426,32
DA:427,32
DA:428,32
DA:432,9
DA:433,9
DA:434,9
DA:435,0
DA:436,1
DA:437,0
DA:438,0
DA:439,8
DA:440,0
DA:441,0
DA:442,0
DA:453,6902
DA:455,6902
DA:456,6902
DA:458,6902
DA:461,108
DA:463,108
DA:464,108
DA:466,108
DA:469,20051
DA:471,20051
DA:472,20051
DA:474,20051
DA:482,68760
DA:485,68760
DA:486,68760
DA:487,68760
DA:488,68760
DA:489,68760
DA:491,68760
DA:496,1
DA:501,1
DA:502,1
DA:504,1
DA:505,1
DA:507,1
DA:508,1
DA:513,1
DA:517,1
DA:518,1
DA:520,0
DA:524,1
DA:525,1
DA:526,1
DA:528,1
DA:529,1
DA:531,1
DA:535,1
DA:538,1
DA:539,1
DA:540,1
DA:541,1
DA:542,1
DA:545,1
DA:546,1
DA:547,1
DA:549,1
DA:550,1
DA:551,1
DA:554,1
DA:555,1
DA:557,1
DA:562,0
DA:567,0
DA:568,0
DA:570,0
DA:571,0
DA:573,0
DA:574,0
DA:576,0
DA:577,0
DA:580,0
DA:584,0
DA:585,0
DA:587,0
DA:591,0
DA:592,0
DA:593,0
DA:595,0
DA:596,0
DA:598,0
DA:602,0
DA:605,0
DA:606,0
DA:607,0
DA:608,0
DA:609,0
DA:612,0
DA:613,0
DA:614,0
DA:616,0
DA:617,0
DA:618,0
DA:621,0
DA:622,0
DA:624,0
DA:629,3891
DA:631,3891
DA:632,31
DA:635,3860
DA:636,3860
DA:637,3860
DA:639,3891
DA:640,3891
DA:642,3891
DA:646,3
DA:650,3
DA:651,3
DA:653,3
DA:657,36
DA:661,36
DA:662,36
DA:663,36
DA:664,36
DA:666,36
DA:670,1745
DA:672,1745
DA:673,1675
DA:679,70
DA:680,70
DA:681,70
DA:682,361
DA:683,221
DA:686,70
DA:688,1745
DA:689,1745
DA:691,1745
DA:694,67
DA:696,67
DA:697,67
DA:699,67
DA:702,10972
DA:704,10972
DA:705,10972
DA:707,10972
DA:710,14
DA:712,14
DA:713,14
DA:715,14
DA:725,547222
DA:727,547222
DA:728,547222
DA:729,547157
DA:730,547157
DA:733,65
DA:734,65
DA:735,65
DA:738,547222
DA:742,4
DA:743,4
DA:745,4
DA:749,17868
DA:752,17868
DA:753,17868
DA:755,17868
DA:759,547218
DA:761,547218
DA:765,4385
DA:769,4385
DA:770,4385
DA:771,3126
DA:772,3126
DA:775,1259
DA:776,1259
DA:777,1259
DA:780,4385
DA:784,1821
DA:787,1821
DA:789,1821
DA:791,1821
DA:795,144309
DA:798,144309
DA:800,144309
DA:801,144309
DA:803,144309
DA:807,0
DA:811,0
DA:813,0
DA:814,0
DA:815,0
DA:817,0
DA:821,45293
DA:824,45293
DA:825,45293
DA:826,45293
DA:827,45293
DA:828,44010
DA:829,45293
DA:831,45293
DA:834,405123
DA:837,405123
DA:839,405123
DA:840,405123
DA:842,1381
DA:843,1381
DA:845,403111
DA:846,403111
DA:848,631
DA:849,631
DA:851,405123
DA:852,403733
DA:853,403733
DA:854,403733
DA:857,405123
DA:861,193443
DA:864,193443
DA:866,193443
DA:867,193443
DA:869,193443
DA:880,7385
DA:882,7385
DA:884,7385
DA:885,22
DA:887,7363
DA:888,7363
DA:889,7363
DA:890,7363
DA:893,7385
DA:896,18
DA:897,18
DA:899,18
DA:900,18
DA:903,10623
DA:907,10623
DA:908,10623
DA:909,10623
DA:911,10623
DA:914,7367
DA:916,7367
DA:917,7367
DA:920,131
DA:925,131
DA:926,131
DA:927,4
DA:929,127
DA:930,127
DA:931,127
DA:932,127
DA:935,131
DA:938,84
DA:943,84
DA:945,84
DA:946,84
DA:947,84
DA:948,84
DA:949,84
DA:951,84
DA:954,133234
DA:958,133234
DA:960,133234
DA:961,133234
DA:962,133234
DA:964,133234
DA:967,1
DA:972,1
DA:974,1
DA:975,1
DA:976,1
DA:977,1
DA:978,1
DA:980,1
DA:983,143700
DA:988,143700
DA:989,143700
DA:990,0
DA:993,143700
DA:995,143700
DA:997,44
DA:998,44
DA:999,44
DA:1000,44
DA:1002,44
DA:1005,143655
DA:1006,143655
DA:1007,143655
DA:1008,143655
DA:1010,143655
DA:1013,1
DA:1014,1
DA:1017,143700
DA:1019,143700
DA:1023,95450
DA:1027,95450
DA:1029,95450
DA:1030,95450
DA:1031,95450
DA:1033,95450
DA:1046,37633
DA:1055,37633
DA:1056,37633
DA:1057,0
DA:1058,0
DA:1059,0
DA:1062,37633
DA:1063,37633
DA:1065,37633
DA:1078,30
DA:1079,30
DA:1080,30
DA:1081,29
DA:1085,30
DA:1096,30
DA:1097,26
DA:1099,4
DA:1101,4
DA:1103,30
DA:1104,30
DA:1105,30
DA:1106,30
DA:1109,0
DA:1110,0
DA:1111,0
DA:1113,0
DA:1114,0
DA:1115,0
DA:1116,0
DA:1117,0
DA:1118,0
DA:1119,0
DA:1120,0
DA:1121,0
DA:1123,30
DA:1125,30
DA:1129,23
DA:1134,23
DA:1135,23
DA:1136,23
DA:1137,23
DA:1138,23
DA:1139,23
DA:1141,23
DA:1142,23
DA:1144,23
DA:1145,23
DA:1149,23
DA:1153,0
DA:1158,0
DA:1159,0
DA:1160,0
DA:1162,0
DA:1164,0
DA:1168,37
DA:1169,37
DA:1177,21
DA:1178,21
DA:1181,21
DA:1182,21
DA:1184,6
DA:1185,6
DA:1188,6
DA:1189,6
DA:1190,6
DA:1193,3
DA:1194,3
DA:1198,0
DA:1199,0
DA:1202,0
DA:1203,0
DA:1206,6
DA:1207,6
DA:1208,6
DA:1209,6
DA:1210,6
DA:1211,6
DA:1214,0
DA:1215,0
DA:1216,0
DA:1218,6
DA:1219,6
DA:1220,0
DA:1221,6
DA:1224,0
DA:1225,0
DA:1226,0
DA:1229,0
DA:1230,0
DA:1231,0
DA:1232,0
DA:1235,0
DA:1236,0
DA:1238,0
DA:1241,21
DA:1251,1
DA:1254,1
DA:1260,11641
DA:1264,11641
DA:1266,11641
DA:1267,11641
DA:1268,10947
DA:1271,694
DA:1273,11641
DA:1277,2
DA:1280,2
DA:1281,2
DA:1283,0
DA:1284,0
DA:1285,0
DA:1288,2
DA:1290,2
DA:1293,825
DA:1296,825
DA:1297,825
DA:1298,825
DA:1300,825
DA:1303,36623
DA:1306,36623
DA:1307,36623
DA:1309,36623
DA:1313,0
DA:1315,0
DA:1316,0
DA:1318,0
DA:1321,143655
DA:1324,143655
DA:1325,143655
DA:1326,143655
DA:1327,143655
DA:1329,143655
DA:1334,2
DA:1336,2
DA:1338,1
DA:1339,1
DA:1340,1
DA:1341,1
DA:1342,1
DA:1345,1
DA:1347,1
DA:1348,1
DA:1349,1
DA:1350,1
DA:1351,1
DA:1352,1
DA:1354,0
DA:1359,0
DA:1361,0
DA:1363,0
DA:1364,0
DA:1365,0
DA:1366,0
DA:1369,0
DA:1373,2
DA:1375,2
DA:1376,2
DA:1377,2
DA:1380,2
DA:1382,2
DA:1383,2
DA:1384,2
DA:1385,2
DA:1386,2
DA:1387,1
DA:1390,2
DA:1394,0
DA:1396,0
DA:1398,0
DA:1400,0
DA:1401,0
DA:1405,0
DA:1406,0
DA:1407,0
DA:1409,0
DA:1412,0
DA:1414,0
DA:1418,0
DA:1424,0
DA:1427,0
DA:1428,0
DA:1429,0
DA:1430,0
DA:1431,0
DA:1432,0
DA:1433,0
DA:1434,0
LF:652
LH:500
end_of_record
TN:result
SF:/home/zheli/test/nmap-7.70/liblua/lcorolib.c
FN:21,getco
FN:28,auxresume
FN:57,luaB_coresume
FN:74,luaB_auxwrap
FN:89,luaB_cocreate
FN:99,luaB_cowrap
FN:106,luaB_yield
FN:111,luaB_costatus
FN:138,luaB_yieldable
FN:144,luaB_corunning
FN:164,luaopen_coroutine
FNDA:17,getco
FNDA:20,auxresume
FNDA:9,luaB_coresume
FNDA:11,luaB_auxwrap
FNDA:9,luaB_cocreate
FNDA:4,luaB_cowrap
FNDA:8,luaB_yield
FNDA:8,luaB_costatus
FNDA:0,luaB_yieldable
FNDA:1,luaB_corunning
FNDA:1,luaopen_coroutine
FNF:11
FNH:10
DA:21,17
DA:22,17
DA:23,17
DA:24,17
DA:28,20
DA:30,20
DA:31,0
DA:32,0
DA:34,20
DA:35,0
DA:36,0
DA:38,20
DA:39,20
DA:40,20
DA:41,20
DA:42,20
DA:43,0
DA:44,0
DA:45,0
DA:47,20
DA:48,20
DA:51,0
DA:52,0
DA:57,9
DA:58,9
DA:60,9
DA:61,9
DA:62,0
DA:63,0
DA:64,0
DA:67,9
DA:68,9
DA:69,9
DA:74,11
DA:75,11
DA:76,11
DA:77,11
DA:78,0
DA:79,0
DA:80,0
DA:81,0
DA:83,0
DA:85,11
DA:89,9
DA:91,9
DA:92,9
DA:93,9
DA:94,9
DA:95,9
DA:99,4
DA:100,4
DA:101,4
DA:102,4
DA:106,8
DA:107,8
DA:111,8
DA:112,8
DA:113,8
DA:115,8
DA:117,4
DA:118,4
DA:121,4
DA:122,0
DA:123,4
DA:124,4
DA:126,0
DA:127,4
DA:130,0
DA:131,0
DA:134,8
DA:138,0
DA:139,0
DA:140,0
DA:144,1
DA:145,1
DA:146,1
DA:147,1
DA:164,1
DA:165,1
DA:166,1
LF:80
LH:56
end_of_record
TN:result
SF:/home/zheli/test/nmap-7.70/liblua/llex.c
FN:57,save
FN:70,luaX_init
FN:82,luaX_token2str
FN:97,txtToken
FN:109,lexerror
FN:117,luaX_syntaxerror
FN:127,luaX_newstring
FN:151,inclinenumber
FN:162,luaX_setinput
FN:186,check_next1
FN:199,check_next2
FN:214,read_numeral
FN:251,skip_sep
FN:264,read_long_string
FN:303,esccheck
FN:312,gethexa
FN:319,readhexaesc
FN:327,readutf8esc
FN:345,utf8esc
FN:353,readdecesc
FN:366,read_string
FN:429,llex
FN:549,luaX_next
FN:560,luaX_lookahead
FNDA:404672,save
FNDA:1,luaX_init
FNDA:0,luaX_token2str
FNDA:0,txtToken
FNDA:0,lexerror
FNDA:0,luaX_syntaxerror
FNDA:42174,luaX_newstring
FNDA:26075,inclinenumber
FNDA:23,luaX_setinput
FNDA:21581,check_next1
FNDA:110953,check_next2
FNDA:18713,read_numeral
FNDA:9310,skip_sep
FNDA:10,read_long_string
FNDA:1232,esccheck
FNDA:1090,gethexa
FNDA:545,readhexaesc
FNDA:0,readutf8esc
FNDA:0,utf8esc
FNDA:71,readdecesc
FNDA:8239,read_string
FNDA:136882,llex
FNDA:136882,luaX_next
FNDA:5295,luaX_lookahead
FNF:24
FNH:18
DA:57,404672
DA:58,404672
DA:59,404672
DA:61,29
DA:62,0
DA:63,29
DA:64,29
DA:66,404672
DA:67,404672
DA:70,1
DA:72,1
DA:73,1
DA:74,23
DA:75,22
DA:76,22
DA:77,22
DA:79,1
DA:82,0
DA:83,0
DA:85,0
DA:88,0
DA:89,0
DA:90,0
DA:92,0
DA:97,0
DA:98,0
DA:101,0
DA:102,0
DA:104,0
DA:109,0
DA:110,0
DA:111,0
DA:112,0
DA:113,0
DA:117,0
DA:118,0
DA:127,42174
DA:128,42174
DA:130,42174
DA:131,42174
DA:132,42174
DA:133,42174
DA:136,4649
DA:137,4649
DA:140,37525
DA:142,42174
DA:143,42174
DA:151,26075
DA:152,26075
DA:154,26075
DA:155,26075
DA:156,13307
DA:157,26075
DA:158,0
DA:159,26075
DA:162,23
DA:164,23
DA:165,23
DA:166,23
DA:167,23
DA:168,23
DA:169,23
DA:170,23
DA:171,23
DA:172,23
DA:173,23
DA:174,23
DA:175,23
DA:186,21581
DA:187,21581
DA:188,2707
DA:189,2707
DA:191,18874
DA:199,110953
DA:201,110953
DA:202,17682
DA:203,17682
DA:205,93271
DA:214,18713
DA:216,18713
DA:217,18713
DA:219,18713
DA:220,18713
DA:221,17681
DA:223,93107
DA:224,1
DA:225,93107
DA:226,74386
DA:227,18721
DA:228,8
DA:229,18713
DA:230,74394
DA:231,18713
DA:232,18713
DA:233,0
DA:234,18713
DA:235,18704
DA:236,18704
DA:240,9
DA:241,9
DA:251,9310
DA:252,9310
DA:253,9310
DA:255,9310
DA:256,18758
DA:257,138
DA:258,138
DA:260,9310
DA:264,10
DA:265,10
DA:266,10
DA:267,10
DA:268,5
DA:270,1262
DA:272,0
DA:273,0
DA:275,0
DA:279,10
DA:280,10
DA:281,10
DA:283,0
DA:286,35
DA:287,35
DA:288,35
DA:289,35
DA:292,1217
DA:293,1060
DA:296,1252
DA:297,10
DA:298,3
DA:299,3
DA:300,10
DA:303,1232
DA:304,1232
DA:305,0
DA:306,0
DA:307,0
DA:309,1232
DA:312,1090
DA:313,1090
DA:314,1090
DA:315,1090
DA:319,545
DA:320,545
DA:321,545
DA:322,545
DA:323,545
DA:327,0
DA:329,0
DA:330,0
DA:331,0
DA:332,0
DA:333,0
DA:334,0
DA:335,0
DA:336,0
DA:338,0
DA:339,0
DA:340,0
DA:341,0
DA:345,0
DA:347,0
DA:348,0
DA:349,0
DA:350,0
DA:353,71
DA:355,71
DA:356,170
DA:357,99
DA:358,99
DA:360,71
DA:361,71
DA:362,71
DA:366,8239
DA:367,8239
DA:368,91954
DA:369,75476
DA:371,0
DA:375,0
DA:379,795
DA:380,795
DA:381,0
DA:382,0
DA:383,0
DA:384,64
DA:385,16
DA:386,21
DA:387,0
DA:388,545
DA:389,0
DA:391,0
DA:393,74
DA:394,0
DA:396,4
DA:397,4
DA:398,24
DA:399,16
DA:400,12
DA:402,4
DA:405,71
DA:406,71
DA:407,71
DA:411,720
DA:414,791
DA:415,791
DA:417,795
DA:420,74681
DA:423,8239
DA:424,8239
DA:425,8239
DA:426,8239
DA:429,136882
DA:430,136882
DA:432,287434
DA:434,26031
DA:435,26031
DA:438,112379
DA:439,112379
DA:442,12257
DA:443,12257
DA:445,12142
DA:446,12142
DA:447,7
DA:448,7
DA:449,7
DA:450,7
DA:451,7
DA:452,7
DA:456,487943
DA:457,463673
DA:458,12135
DA:461,9293
DA:462,9293
DA:463,3
DA:464,3
DA:466,9290
DA:467,0
DA:468,9290
DA:471,16537
DA:472,16537
DA:473,16065
DA:476,871
DA:477,871
DA:478,61
DA:479,47
DA:482,881
DA:483,881
DA:484,88
DA:485,72
DA:488,37
DA:489,37
DA:490,32
DA:493,120
DA:494,120
DA:495,2
DA:498,353
DA:499,353
DA:500,353
DA:503,8239
DA:504,8239
DA:507,2247
DA:508,2247
DA:509,386
DA:510,93
DA:511,293
DA:513,1861
DA:514,0
DA:518,18713
DA:521,23
DA:524,79453
DA:527,169329
DA:528,169329
DA:529,33449
DA:530,33449
DA:531,33449
DA:532,33449
DA:533,12064
DA:535,21385
DA:539,46004
DA:540,46004
DA:541,46004
DA:545,150552
DA:549,136882
DA:550,136882
DA:551,136882
DA:552,5295
DA:553,5295
DA:556,131587
DA:557,136882
DA:560,5295
DA:562,5295
DA:563,5295
LF:292
LH:234
end_of_record
TN:result
SF:/home/zheli/test/nmap-7.70/liblua/lauxlib.c
FN:46,findfield
FN:74,pushglobalfuncname
FN:95,pushfuncname
FN:111,lastlevel
FN:126,luaL_traceback
FN:165,luaL_argerror
FN:183,typeerror
FN:197,tag_error
FN:206,luaL_where
FN:224,luaL_error
FN:235,luaL_fileresult
FN:275,luaL_execresult
FN:300,luaL_newmetatable
FN:313,luaL_setmetatable
FN:319,luaL_testudata
FN:334,luaL_checkudata
FN:349,luaL_checkoption
FN:369,luaL_checkstack
FN:379,luaL_checktype
FN:385,luaL_checkany
FN:391,luaL_checklstring
FN:398,luaL_optlstring
FN:409,luaL_checknumber
FN:418,luaL_optnumber
FN:423,interror
FN:431,luaL_checkinteger
FN:441,luaL_optinteger
FN:462,resizebox
FN:477,boxgc
FN:483,newbox
FN:506,luaL_prepbuffsize
FN:529,luaL_addlstring
FN:538,luaL_addstring
FN:543,luaL_pushresult
FN:553,luaL_pushresultsize
FN:559,luaL_addvalue
FN:570,luaL_buffinit
FN:578,luaL_buffinitsize
FN:596,luaL_ref
FN:617,luaL_unref
FN:643,getF
FN:661,errfile
FN:670,skipBOM
FN:691,skipcomment
FN:704,luaL_loadfilex
FN:746,getS
FN:756,luaL_loadbufferx
FN:765,luaL_loadstring
FN:773,luaL_getmetafield
FN:789,luaL_callmeta
FN:799,luaL_len
FN:811,luaL_tolstring
FN:926,luaL_setfuncs
FN:943,luaL_getsubtable
FN:963,luaL_requiref
FN:983,luaL_gsub
FN:1000,l_alloc
FN:1011,panic
FN:1018,luaL_newstate
FN:1025,luaL_checkversion_
FNDA:60,findfield
FNDA:1,pushglobalfuncname
FNDA:0,pushfuncname
FNDA:0,lastlevel
FNDA:0,luaL_traceback
FNDA:1,luaL_argerror
FNDA:0,typeerror
FNDA:0,tag_error
FNDA:1,luaL_where
FNDA:1,luaL_error
FNDA:1,luaL_fileresult
FNDA:0,luaL_execresult
FNDA:9,luaL_newmetatable
FNDA:4,luaL_setmetatable
FNDA:392504,luaL_testudata
FNDA:392504,luaL_checkudata
FNDA:21,luaL_checkoption
FNDA:38043,luaL_checkstack
FNDA:8507,luaL_checktype
FNDA:13581,luaL_checkany
FNDA:82121,luaL_checklstring
FNDA:939,luaL_optlstring
FNDA:2,luaL_checknumber
FNDA:0,luaL_optnumber
FNDA:0,interror
FNDA:16728,luaL_checkinteger
FNDA:12149,luaL_optinteger
FNDA:6,resizebox
FNDA:2,boxgc
FNDA:2,newbox
FNDA:44511,luaL_prepbuffsize
FNDA:3740,luaL_addlstring
FNDA:0,luaL_addstring
FNDA:45811,luaL_pushresult
FNDA:42809,luaL_pushresultsize
FNDA:1572,luaL_addvalue
FNDA:45831,luaL_buffinit
FNDA:42809,luaL_buffinitsize
FNDA:2,luaL_ref
FNDA:2,luaL_unref
FNDA:189,getF
FNDA:0,errfile
FNDA:22,skipBOM
FNDA:22,skipcomment
FNDA:22,luaL_loadfilex
FNDA:0,getS
FNDA:0,luaL_loadbufferx
FNDA:0,luaL_loadstring
FNDA:1994,luaL_getmetafield
FNDA:631,luaL_callmeta
FNDA:824,luaL_len
FNDA:631,luaL_tolstring
FNDA:30,luaL_setfuncs
FNDA:22,luaL_getsubtable
FNDA:20,luaL_requiref
FNDA:0,luaL_gsub
FNDA:588533,l_alloc
FNDA:0,panic
FNDA:1,luaL_newstate
FNDA:17,luaL_checkversion_
FNF:60
FNH:45
DA:46,60
DA:47,60
DA:48,53
DA:49,7
DA:50,72
DA:51,60
DA:52,60
DA:53,1
DA:54,1
DA:56,59
DA:57,1
DA:58,1
DA:59,1
DA:60,1
DA:61,1
DA:64,58
DA:66,5
DA:74,1
DA:75,1
DA:76,1
DA:77,1
DA:78,1
DA:79,1
DA:80,1
DA:81,0
DA:82,0
DA:84,1
DA:85,1
DA:86,1
DA:89,0
DA:90,0
DA:95,0
DA:96,0
DA:97,0
DA:98,0
DA:100,0
DA:101,0
DA:102,0
DA:103,0
DA:104,0
DA:105,0
DA:107,0
DA:108,0
DA:111,0
DA:113,0
DA:115,0
DA:117,0
DA:118,0
DA:119,0
DA:120,0
DA:122,0
DA:126,0
DA:129,0
DA:130,0
DA:131,0
DA:132,0
DA:133,0
DA:134,0
DA:135,0
DA:136,0
DA:137,0
DA:138,0
DA:139,0
DA:142,0
DA:143,0
DA:144,0
DA:145,0
DA:146,0
DA:147,0
DA:148,0
DA:149,0
DA:150,0
DA:153,0
DA:154,0
DA:165,1
DA:167,1
DA:168,0
DA:169,1
DA:170,1
DA:171,0
DA:172,0
DA:173,0
DA:176,1
DA:177,1
DA:178,1
DA:183,0
DA:186,0
DA:187,0
DA:188,0
DA:189,0
DA:191,0
DA:192,0
DA:193,0
DA:197,0
DA:198,0
DA:199,0
DA:206,1
DA:208,1
DA:209,1
DA:210,1
DA:211,0
DA:212,1
DA:215,1
DA:224,1
DA:226,1
DA:227,1
DA:228,1
DA:229,1
DA:230,1
DA:231,1
DA:235,1
DA:236,1
DA:237,1
DA:238,1
DA:239,1
DA:242,0
DA:243,0
DA:244,0
DA:246,0
DA:247,0
DA:248,0
DA:275,0
DA:276,0
DA:277,0
DA:278,0
DA:280,0
DA:281,0
DA:282,0
DA:284,0
DA:285,0
DA:286,0
DA:287,0
DA:300,9
DA:301,9
DA:302,1
DA:303,8
DA:304,8
DA:305,8
DA:306,8
DA:307,8
DA:308,8
DA:309,8
DA:313,4
DA:314,4
DA:315,4
DA:316,4
DA:319,392504
DA:320,392504
DA:321,392504
DA:322,392504
DA:323,392504
DA:324,392504
DA:325,0
DA:326,392504
DA:327,392504
DA:330,0
DA:334,392504
DA:335,392504
DA:336,392504
DA:337,392504
DA:349,21
DA:351,21
DA:354,69
DA:355,69
DA:356,21
DA:357,0
DA:369,38043
DA:370,38043
DA:371,0
DA:372,0
DA:374,0
DA:376,38043
DA:379,8507
DA:380,8507
DA:381,0
DA:382,8507
DA:385,13581
DA:386,13581
DA:387,0
DA:388,13581
DA:391,82121
DA:392,82121
DA:393,82121
DA:394,82121
DA:398,939
DA:400,939
DA:401,851
DA:402,829
DA:403,851
DA:405,88
DA:409,2
DA:411,2
DA:412,2
DA:413,0
DA:414,2
DA:418,0
DA:419,0
DA:423,0
DA:424,0
DA:425,0
DA:427,0
DA:428,0
DA:431,16728
DA:433,16728
DA:434,16728
DA:435,0
DA:437,16728
DA:441,12149
DA:443,12149
DA:462,6
DA:464,6
DA:465,6
DA:466,6
DA:467,6
DA:468,0
DA:469,0
DA:471,6
DA:472,6
DA:473,6
DA:477,2
DA:478,2
DA:479,2
DA:483,2
DA:484,2
DA:485,2
DA:486,2
DA:487,2
DA:488,1
DA:489,1
DA:491,2
DA:492,2
DA:506,44511
DA:507,44511
DA:508,44511
DA:510,2
DA:511,2
DA:512,2
DA:513,2
DA:514,0
DA:516,2
DA:517,0
DA:519,2
DA:520,2
DA:522,2
DA:523,2
DA:525,44511
DA:529,3740
DA:530,3740
DA:531,1595
DA:532,1595
DA:533,1595
DA:535,3740
DA:538,0
DA:539,0
DA:540,0
DA:543,45811
DA:544,45811
DA:545,45811
DA:546,45811
DA:547,2
DA:548,2
DA:550,45811
DA:553,42809
DA:554,42809
DA:555,42809
DA:556,42809
DA:559,1572
DA:560,1572
DA:562,1572
DA:563,1572
DA:564,0
DA:565,1572
DA:566,1572
DA:567,1572
DA:570,45831
DA:571,45831
DA:572,45831
DA:573,45831
DA:574,45831
DA:575,45831
DA:578,42809
DA:579,42809
DA:580,42809
DA:596,2
DA:598,2
DA:599,1
DA:600,1
DA:602,1
DA:603,1
DA:604,1
DA:605,1
DA:606,1
DA:607,0
DA:608,0
DA:611,1
DA:612,1
DA:613,1
DA:617,2
DA:618,2
DA:619,0
DA:620,0
DA:621,0
DA:622,0
DA:623,0
DA:625,2
DA:643,189
DA:644,189
DA:646,189
DA:647,22
DA:648,22
DA:654,167
DA:655,145
DA:657,167
DA:661,0
DA:662,0
DA:663,0
DA:664,0
DA:665,0
DA:666,0
DA:670,22
DA:671,22
DA:673,22
DA:675,22
DA:676,22
DA:677,0
DA:678,0
DA:679,0
DA:680,0
DA:691,22
DA:692,22
DA:693,22
DA:695,0
DA:696,0
DA:697,0
DA:698,0
DA:700,22
DA:704,22
DA:709,22
DA:710,22
DA:711,0
DA:712,0
DA:715,22
DA:716,22
DA:717,22
DA:719,22
DA:720,0
DA:721,22
DA:722,0
DA:723,0
DA:724,0
DA:726,22
DA:727,22
DA:728,22
DA:729,22
DA:730,22
DA:731,22
DA:732,0
DA:733,0
DA:735,22
DA:736,22
DA:746,0
DA:747,0
DA:749,0
DA:750,0
DA:751,0
DA:752,0
DA:756,0
DA:759,0
DA:760,0
DA:761,0
DA:765,0
DA:766,0
DA:773,1994
DA:774,1994
DA:775,1374
DA:778,620
DA:779,620
DA:780,620
DA:781,620
DA:783,0
DA:784,620
DA:789,631
DA:790,631
DA:791,631
DA:792,631
DA:793,0
DA:794,0
DA:795,0
DA:799,824
DA:802,824
DA:803,824
DA:804,824
DA:805,0
DA:806,824
DA:807,824
DA:811,631
DA:812,631
DA:813,631
DA:815,4
DA:816,4
DA:818,0
DA:819,4
DA:822,618
DA:823,618
DA:825,0
DA:826,0
DA:828,0
DA:829,0
DA:831,9
DA:833,9
DA:836,631
DA:926,30
DA:927,30
DA:928,390
DA:930,536
DA:931,176
DA:932,360
DA:933,360
DA:935,30
DA:936,30
DA:943,22
DA:944,22
DA:945,20
DA:947,2
DA:948,2
DA:949,2
DA:950,2
DA:951,2
DA:952,2
DA:963,20
DA:965,20
DA:966,20
DA:967,20
DA:968,20
DA:969,20
DA:970,20
DA:971,20
DA:972,20
DA:973,20
DA:975,20
DA:976,20
DA:977,18
DA:978,18
DA:980,20
DA:983,0
DA:986,0
DA:988,0
DA:989,0
DA:990,0
DA:991,0
DA:992,0
DA:994,0
DA:995,0
DA:996,0
DA:1000,588533
DA:1002,588533
DA:1003,276050
DA:1004,276050
DA:1007,312483
DA:1011,0
DA:1012,0
DA:1014,0
DA:1018,1
DA:1019,1
DA:1020,1
DA:1021,1
DA:1025,17
DA:1026,17
DA:1027,17
DA:1028,0
DA:1029,17
DA:1030,0
DA:1031,17
DA:1032,0
DA:1034,17
LF:475
LH:303
end_of_record
TN:result
SF:/home/zheli/test/nmap-7.70/liblua/ldump.c
FN:40,DumpBlock
FN:52,DumpByte
FN:58,DumpInt
FN:63,DumpNumber
FN:68,DumpInteger
FN:73,DumpString
FN:90,DumpCode
FN:98,DumpConstants
FN:128,DumpProtos
FN:137,DumpUpvalues
FN:147,DumpDebug
FN:166,DumpFunction
FN:184,DumpHeader
FN:202,luaU_dump
FNDA:0,DumpBlock
FNDA:0,DumpByte
FNDA:0,DumpInt
FNDA:0,DumpNumber
FNDA:0,DumpInteger
FNDA:0,DumpString
FNDA:0,DumpCode
FNDA:0,DumpConstants
FNDA:0,DumpProtos
FNDA:0,DumpUpvalues
FNDA:0,DumpDebug
FNDA:0,DumpFunction
FNDA:0,DumpHeader
FNDA:0,luaU_dump
FNF:14
FNH:0
DA:40,0
DA:41,0
DA:43,0
DA:46,0
DA:52,0
DA:53,0
DA:54,0
DA:55,0
DA:58,0
DA:59,0
DA:60,0
DA:63,0
DA:64,0
DA:65,0
DA:68,0
DA:69,0
DA:70,0
DA:73,0
DA:74,0
DA:75,0
DA:77,0
DA:78,0
DA:79,0
DA:80,0
DA:82,0
DA:83,0
DA:85,0
DA:87,0
DA:90,0
DA:91,0
DA:92,0
DA:93,0
DA:98,0
DA:100,0
DA:101,0
DA:102,0
DA:103,0
DA:104,0
DA:105,0
DA:107,0
DA:109,0
DA:110,0
DA:112,0
DA:113,0
DA:115,0
DA:116,0
DA:119,0
DA:120,0
DA:125,0
DA:128,0
DA:130,0
DA:131,0
DA:132,0
DA:133,0
DA:134,0
DA:137,0
DA:138,0
DA:139,0
DA:140,0
DA:141,0
DA:142,0
DA:144,0
DA:147,0
DA:149,0
DA:150,0
DA:151,0
DA:152,0
DA:153,0
DA:154,0
DA:155,0
DA:156,0
DA:157,0
DA:159,0
DA:160,0
DA:161,0
DA:162,0
DA:163,0
DA:166,0
DA:167,0
DA:168,0
DA:170,0
DA:171,0
DA:172,0
DA:173,0
DA:174,0
DA:175,0
DA:176,0
DA:177,0
DA:178,0
DA:179,0
DA:180,0
DA:181,0
DA:184,0
DA:185,0
DA:186,0
DA:187,0
DA:188,0
DA:189,0
DA:190,0
DA:191,0
DA:192,0
DA:193,0
DA:194,0
DA:195,0
DA:196,0
DA:202,0
DA:205,0
DA:206,0
DA:207,0
DA:208,0
DA:209,0
DA:210,0
DA:211,0
DA:212,0
DA:213,0
LF:115
LH:0
end_of_record
TN:result
SF:/home/zheli/test/nmap-7.70/liblua/linit.c
FN:60,luaL_openlibs
FNDA:1,luaL_openlibs
FNF:1
FNH:1
DA:60,1
DA:63,12
DA:64,11
DA:65,11
DA:67,1
LF:5
LH:5
end_of_record
TN:result
SF:/home/zheli/test/nmap-7.70/liblua/lparser.c
FN:67,semerror
FN:73,error_expected
FN:79,errorlimit
FN:92,checklimit
FN:97,testnext
FN:106,check
FN:112,checknext
FN:122,check_match
FN:135,str_checkname
FN:144,init_exp
FN:151,codestring
FN:156,checkname
FN:161,registerlocalvar
FN:175,new_localvar
FN:187,new_localvarliteral_
FN:195,getlocvar
FN:202,adjustlocalvars
FN:211,removevars
FN:218,searchupvalue
FN:228,newupvalue
FN:244,searchvar
FN:258,markupval
FN:270,singlevaraux
FN:295,singlevar
FN:309,adjust_assign
FN:329,enterlevel
FN:339,closegoto
FN:363,findlabel
FN:383,newlabelentry
FN:401,findgotos
FN:419,movegotosout
FN:437,enterblock
FN:452,breaklabel
FN:462,undefgoto
FN:471,leaveblock
FN:497,addprototype
FN:520,codeclosure
FN:527,open_func
FN:550,close_func
FN:585,block_follow
FN:596,statlist
FN:608,fieldsel
FN:619,yindex
FN:644,recfield
FN:665,closelistfield
FN:676,lastlistfield
FN:691,listfield
FN:700,field
FN:722,constructor
FN:751,parlist
FN:780,body
FN:802,explist
FN:815,funcargs
FN:869,primaryexp
FN:891,suffixedexp
FN:929,simpleexp
FN:985,getunopr
FN:996,getbinopr
FN:1047,subexpr
FN:1077,expr
FN:1092,block
FN:1118,check_conflict
FN:1146,assignment
FN:1179,cond
FN:1189,gotostat
FN:1205,checkrepeated
FN:1219,skipnoopstat
FN:1225,labelstat
FN:1243,whilestat
FN:1262,repeatstat
FN:1282,exp1
FN:1293,forbody
FN:1319,fornum
FN:1341,forlist
FN:1366,forstat
FN:1384,test_then_block
FN:1419,ifstat
FN:1433,localfunc
FN:1444,localstat
FN:1464,funcname
FN:1478,funcstat
FN:1490,exprstat
FN:1506,retstat
FN:1539,statement
FN:1614,mainfunc
FN:1628,luaY_parser
FNDA:0,semerror
FNDA:0,error_expected
FNDA:0,errorlimit
FNDA:64687,checklimit
FNDA:52341,testnext
FNDA:55810,check
FNDA:34402,checknext
FNDA:11430,check_match
FNDA:21385,str_checkname
FNDA:67346,init_exp
FNDA:17115,codestring
FNDA:7432,checkname
FNDA:2915,registerlocalvar
FNDA:2915,new_localvar
FNDA:483,new_localvarliteral_
FNDA:110317,getlocvar
FNDA:1942,adjustlocalvars
FNDA:3641,removevars
FNDA:5654,searchupvalue
FNDA:1318,newupvalue
FNDA:14598,searchvar
FNDA:1042,markupval
FNDA:16039,singlevaraux
FNDA:11521,singlevar
FNDA:1301,adjust_assign
FNDA:50495,enterlevel
FNDA:32,closegoto
FNDA:109,findlabel
FNDA:240,newlabelentry
FNDA:208,findgotos
FNDA:3175,movegotosout
FNDA:3641,enterblock
FNDA:208,breaklabel
FNDA:0,undefgoto
FNDA:3641,leaveblock
FNDA:443,addprototype
FNDA:443,codeclosure
FNDA:466,open_func
FNDA:466,close_func
FNDA:10813,block_follow
FNDA:3257,statlist
FNDA:1873,fieldsel
FNDA:9290,yindex
FNDA:13957,recfield
FNDA:18509,closelistfield
FNDA:6333,lastlistfield
FNDA:4552,listfield
FNDA:18509,field
FNDA:6333,constructor
FNDA:443,parlist
FNDA:443,body
FNDA:5948,explist
FNDA:3255,funcargs
FNDA:11826,primaryexp
FNDA:11826,suffixedexp
FNDA:42472,simpleexp
FNDA:42958,getunopr
FNDA:42958,getbinopr
FNDA:42958,subexpr
FNDA:38767,expr
FNDA:380,block
FNDA:169,check_conflict
FNDA:1317,assignment
FNDA:51,cond
FNDA:32,gotostat
FNDA:0,checkrepeated
FNDA:19,skipnoopstat
FNDA:0,labelstat
FNDA:42,whilestat
FNDA:9,repeatstat
FNDA:77,exp1
FNDA:157,forbody
FNDA:31,fornum
FNDA:126,forlist
FNDA:157,forstat
FNDA:2421,test_then_block
FNDA:1531,ifstat
FNDA:113,localfunc
FNDA:1060,localstat
FNDA:186,funcname
FNDA:186,funcstat
FNDA:2321,exprstat
FNDA:1499,retstat
FNDA:7537,statement
FNDA:23,mainfunc
FNDA:23,luaY_parser
FNF:86
FNH:80
DA:67,0
DA:68,0
DA:69,0
DA:73,0
DA:74,0
DA:75,0
DA:79,0
DA:80,0
DA:82,0
DA:83,0
DA:85,0
DA:86,0
DA:88,0
DA:92,64687
DA:93,64687
DA:94,64687
DA:97,52341
DA:98,52341
DA:99,28642
DA:100,28642
DA:102,23699
DA:106,55810
DA:107,55810
DA:108,0
DA:109,55810
DA:112,34402
DA:113,34402
DA:114,34402
DA:115,34402
DA:122,11430
DA:123,11430
DA:124,0
DA:125,0
DA:127,0
DA:132,11430
DA:135,21385
DA:137,21385
DA:138,21385
DA:139,21385
DA:140,21385
DA:144,67346
DA:145,67346
DA:146,67346
DA:147,67346
DA:148,67346
DA:151,17115
DA:152,17115
DA:153,17115
DA:156,7432
DA:157,7432
DA:158,7432
DA:161,2915
DA:162,2915
DA:163,2915
DA:164,2915
DA:165,2915
DA:167,10278
DA:168,4448
DA:169,2915
DA:170,2915
DA:171,2915
DA:175,2915
DA:176,2915
DA:177,2915
DA:178,2915
DA:179,2915
DA:181,2915
DA:183,2915
DA:184,2915
DA:187,483
DA:188,483
DA:189,483
DA:195,110317
DA:196,110317
DA:198,110317
DA:202,1942
DA:203,1942
DA:204,1942
DA:205,4857
DA:206,2915
DA:208,1942
DA:211,3641
DA:212,3641
DA:213,10197
DA:214,2915
DA:215,3641
DA:218,5654
DA:220,5654
DA:221,15025
DA:222,11948
DA:224,3077
DA:228,1318
DA:229,1318
DA:230,1318
DA:231,1318
DA:232,1318
DA:234,4876
DA:235,2240
DA:236,1318
DA:237,1318
DA:238,1318
DA:239,1318
DA:240,1318
DA:244,14598
DA:246,110028
DA:247,104374
DA:248,8944
DA:250,5654
DA:258,1042
DA:259,1042
DA:260,2199
DA:261,115
DA:262,1042
DA:263,1042
DA:270,16039
DA:271,16039
DA:272,1441
DA:274,14598
DA:275,14598
DA:276,8944
DA:277,8944
DA:278,1042
DA:281,5654
DA:282,5654
DA:283,3077
DA:284,3077
DA:285,17821
DA:287,1295
DA:289,3872
DA:295,11521
DA:296,11521
DA:297,11521
DA:298,11521
DA:299,11521
DA:301,1441
DA:303,1441
DA:304,1441
DA:306,11521
DA:309,1301
DA:310,1301
DA:311,1301
DA:312,1301
DA:313,598
DA:314,598
DA:315,598
DA:316,598
DA:319,703
DA:320,703
DA:321,112
DA:322,112
DA:323,112
DA:326,1301
DA:329,50495
DA:330,50495
DA:331,50495
DA:332,50495
DA:333,50495
DA:339,32
DA:341,32
DA:342,32
DA:343,32
DA:345,32
DA:346,0
DA:347,0
DA:349,0
DA:350,0
DA:352,32
DA:354,34
DA:355,2
DA:356,32
DA:357,32
DA:363,109
DA:365,109
DA:366,109
DA:367,109
DA:369,109
DA:370,0
DA:371,0
DA:372,0
DA:373,0
DA:374,0
DA:375,0
DA:376,0
DA:379,109
DA:383,240
DA:385,240
DA:386,240
DA:388,240
DA:389,240
DA:390,240
DA:391,240
DA:392,240
DA:393,240
DA:401,208
DA:402,208
DA:403,208
DA:404,448
DA:405,32
DA:406,32
DA:408,0
DA:410,208
DA:419,3175
DA:420,3175
DA:421,3175
DA:424,6427
DA:425,77
DA:426,77
DA:427,30
DA:428,0
DA:429,30
DA:431,77
DA:432,77
DA:434,3175
DA:437,3641
DA:438,3641
DA:439,3641
DA:440,3641
DA:441,3641
DA:442,3641
DA:443,3641
DA:444,3641
DA:446,3641
DA:452,208
DA:453,208
DA:454,208
DA:455,208
DA:456,208
DA:462,0
DA:463,0
DA:465,0
DA:466,0
DA:467,0
DA:471,3641
DA:472,3641
DA:473,3641
DA:474,3641
DA:476,7
DA:477,7
DA:478,7
DA:480,3641
DA:481,208
DA:482,3641
DA:483,3641
DA:485,3641
DA:486,3641
DA:487,3641
DA:488,3175
DA:489,466
DA:490,0
DA:491,3641
DA:497,443
DA:499,443
DA:500,443
DA:501,443
DA:502,443
DA:503,120
DA:504,120
DA:505,996
DA:506,756
DA:508,443
DA:509,443
DA:510,443
DA:520,443
DA:521,443
DA:522,443
DA:523,443
DA:524,443
DA:527,466
DA:529,466
DA:530,466
DA:531,466
DA:532,466
DA:533,466
DA:534,466
DA:535,466
DA:536,466
DA:537,466
DA:538,466
DA:539,466
DA:540,466
DA:541,466
DA:542,466
DA:543,466
DA:544,466
DA:545,466
DA:546,466
DA:547,466
DA:550,466
DA:551,466
DA:552,466
DA:553,466
DA:554,466
DA:555,466
DA:556,466
DA:557,466
DA:558,466
DA:559,466
DA:560,466
DA:561,466
DA:562,466
DA:563,466
DA:564,466
DA:565,466
DA:566,466
DA:567,466
DA:569,466
DA:570,466
DA:571,466
DA:585,10813
DA:586,10813
DA:589,1788
DA:590,9
DA:591,9016
DA:596,3257
DA:598,12552
DA:599,7537
DA:600,1499
DA:601,4756
DA:603,6038
DA:608,1873
DA:610,1873
DA:612,1873
DA:613,1873
DA:614,1873
DA:615,1873
DA:616,1873
DA:619,9290
DA:621,9290
DA:622,9290
DA:623,9290
DA:624,9290
DA:625,9290
DA:644,13957
DA:646,13957
DA:647,13957
DA:650,13957
DA:651,5218
DA:652,5218
DA:655,8739
DA:656,13957
DA:657,13957
DA:658,13957
DA:659,13957
DA:660,13957
DA:661,13957
DA:662,13957
DA:665,18509
DA:666,37018
DA:667,2760
DA:668,2760
DA:669,2760
DA:670,3
DA:671,3
DA:676,6333
DA:677,12666
DA:678,1798
DA:679,16
DA:680,16
DA:681,16
DA:684,1782
DA:685,1776
DA:686,1782
DA:691,4552
DA:693,4552
DA:694,4552
DA:695,4552
DA:696,4552
DA:697,4552
DA:700,18509
DA:702,18509
DA:704,5295
DA:705,77
DA:707,5218
DA:708,5295
DA:711,8739
DA:712,8739
DA:715,4475
DA:716,4475
DA:719,18509
DA:722,6333
DA:725,6333
DA:726,6333
DA:727,6333
DA:729,6333
DA:730,6333
DA:731,6333
DA:732,6333
DA:733,6333
DA:734,6333
DA:737,19318
DA:738,18509
DA:739,18509
DA:740,18509
DA:741,6333
DA:742,6333
DA:743,6333
DA:744,6333
DA:745,6333
DA:751,443
DA:753,443
DA:754,443
DA:755,443
DA:756,443
DA:757,443
DA:759,809
DA:761,768
DA:762,768
DA:763,768
DA:766,41
DA:767,41
DA:768,41
DA:770,0
DA:772,809
DA:774,443
DA:775,443
DA:776,443
DA:777,443
DA:780,443
DA:784,443
DA:785,443
DA:786,443
DA:787,443
DA:788,443
DA:789,12
DA:790,12
DA:792,443
DA:793,443
DA:794,443
DA:795,443
DA:796,443
DA:797,443
DA:798,443
DA:799,443
DA:802,5948
DA:804,5948
DA:805,5948
DA:806,13876
DA:807,1980
DA:808,1980
DA:809,1980
DA:811,5948
DA:815,3255
DA:816,3255
DA:819,3255
DA:821,2409
DA:822,2409
DA:823,143
DA:825,2266
DA:826,2266
DA:828,2409
DA:829,2409
DA:832,598
DA:833,598
DA:836,248
DA:837,248
DA:838,248
DA:841,0
DA:845,3255
DA:846,3255
DA:847,253
DA:849,3002
DA:850,2859
DA:851,3002
DA:853,3255
DA:854,3255
DA:855,3255
DA:857,3255
DA:869,11826
DA:871,11826
DA:873,491
DA:874,491
DA:875,491
DA:876,491
DA:877,491
DA:878,491
DA:881,11335
DA:882,11335
DA:885,0
DA:891,11826
DA:894,11826
DA:895,11826
DA:896,11826
DA:898,17485
DA:900,1853
DA:901,1853
DA:905,551
DA:906,551
DA:907,551
DA:908,551
DA:912,341
DA:913,341
DA:914,341
DA:915,341
DA:916,341
DA:919,2914
DA:920,2914
DA:921,2914
DA:923,23652
DA:925,5659
DA:929,42472
DA:932,42472
DA:934,9
DA:935,9
DA:936,9
DA:939,18704
DA:940,18704
DA:941,18704
DA:944,7994
DA:945,7994
DA:948,246
DA:949,246
DA:952,157
DA:953,157
DA:956,115
DA:957,115
DA:960,52
DA:961,52
DA:963,52
DA:964,52
DA:965,52
DA:968,5735
DA:969,5735
DA:972,144
DA:973,144
DA:974,144
DA:977,9316
DA:978,9316
DA:981,27277
DA:985,42958
DA:986,42958
DA:987,195
DA:988,28
DA:989,1
DA:990,262
DA:991,42472
DA:996,42958
DA:997,42958
DA:998,402
DA:999,90
DA:1000,83
DA:1001,22
DA:1002,38
DA:1003,34
DA:1004,5
DA:1005,30
DA:1006,9
DA:1007,1
DA:1008,14
DA:1009,16
DA:1010,293
DA:1011,119
DA:1012,485
DA:1013,49
DA:1014,810
DA:1015,89
DA:1016,793
DA:1017,203
DA:1018,273
DA:1019,39100
DA:1047,42958
DA:1050,42958
DA:1051,42958
DA:1052,42958
DA:1053,486
DA:1054,486
DA:1055,486
DA:1056,486
DA:1058,42472
DA:1060,42958
DA:1061,89621
DA:1064,3705
DA:1065,3705
DA:1066,3705
DA:1068,3705
DA:1069,3705
DA:1070,3705
DA:1072,42958
DA:1073,42958
DA:1077,38767
DA:1078,38767
DA:1079,38767
DA:1092,380
DA:1094,380
DA:1096,380
DA:1097,380
DA:1098,380
DA:1099,380
DA:1118,169
DA:1119,169
DA:1120,169
DA:1121,169
DA:1122,444
DA:1123,275
DA:1125,15
DA:1126,0
DA:1127,0
DA:1128,0
DA:1131,15
DA:1132,0
DA:1133,0
DA:1137,169
DA:1139,0
DA:1140,0
DA:1141,0
DA:1143,169
DA:1146,1317
DA:1148,1317
DA:1149,1317
DA:1151,189
DA:1152,189
DA:1153,189
DA:1154,169
DA:1155,189
DA:1157,189
DA:1161,1128
DA:1162,1128
DA:1163,1128
DA:1164,115
DA:1165,115
DA:1166,0
DA:1169,1013
DA:1170,1013
DA:1171,1013
DA:1174,304
DA:1175,304
DA:1179,51
DA:1182,51
DA:1183,51
DA:1184,51
DA:1185,51
DA:1189,32
DA:1190,32
DA:1193,32
DA:1194,0
DA:1196,32
DA:1197,32
DA:1199,32
DA:1200,32
DA:1201,32
DA:1205,0
DA:1207,0
DA:1208,0
DA:1209,0
DA:1211,0
DA:1212,0
DA:1215,0
DA:1219,19
DA:1220,38
DA:1221,0
DA:1222,19
DA:1225,0
DA:1227,0
DA:1228,0
DA:1230,0
DA:1231,0
DA:1233,0
DA:1234,0
DA:1235,0
DA:1237,0
DA:1239,0
DA:1240,0
DA:1243,42
DA:1245,42
DA:1249,42
DA:1250,42
DA:1251,42
DA:1252,42
DA:1253,42
DA:1254,42
DA:1255,42
DA:1256,42
DA:1257,42
DA:1258,42
DA:1259,42
DA:1262,9
DA:1265,9
DA:1266,9
DA:1268,9
DA:1269,9
DA:1270,9
DA:1271,9
DA:1272,9
DA:1273,9
DA:1274,9
DA:1275,0
DA:1276,9
DA:1277,9
DA:1278,9
DA:1279,9
DA:1282,77
DA:1285,77
DA:1286,77
DA:1288,77
DA:1289,77
DA:1293,157
DA:1296,157
DA:1298,157
DA:1299,157
DA:1300,157
DA:1301,157
DA:1302,157
DA:1303,157
DA:1304,157
DA:1305,157
DA:1306,157
DA:1307,157
DA:1308,31
DA:1310,126
DA:1311,126
DA:1312,126
DA:1314,157
DA:1315,157
DA:1316,157
DA:1319,31
DA:1321,31
DA:1322,31
DA:1323,31
DA:1324,31
DA:1325,31
DA:1326,31
DA:1327,31
DA:1328,31
DA:1329,31
DA:1330,31
DA:1331,31
DA:1332,15
DA:1334,16
DA:1335,16
DA:1337,31
DA:1338,31
DA:1341,126
DA:1343,126
DA:1345,126
DA:1347,126
DA:1349,126
DA:1350,126
DA:1351,126
DA:1353,126
DA:1354,368
DA:1355,116
DA:1356,116
DA:1358,126
DA:1359,126
DA:1360,126
DA:1361,126
DA:1362,126
DA:1363,126
DA:1366,157
DA:1368,157
DA:1371,157
DA:1372,157
DA:1373,157
DA:1374,157
DA:1375,31
DA:1376,126
DA:1377,0
DA:1379,157
DA:1380,157
DA:1381,157
DA:1384,2421
DA:1387,2421
DA:1390,2421
DA:1391,2421
DA:1392,2421
DA:1393,2421
DA:1394,19
DA:1395,19
DA:1396,19
DA:1397,19
DA:1398,19
DA:1399,19
DA:1400,2440
DA:1403,0
DA:1406,2402
DA:1407,2402
DA:1408,2402
DA:1410,2402
DA:1411,2402
DA:1412,4639
DA:1413,2237
DA:1414,1054
DA:1415,2402
DA:1419,1531
DA:1421,1531
DA:1422,1531
DA:1423,1531
DA:1424,3952
DA:1425,890
DA:1426,1531
DA:1427,166
DA:1428,1531
DA:1429,1531
DA:1430,1531
DA:1433,113
DA:1435,113
DA:1436,113
DA:1437,113
DA:1438,113
DA:1440,113
DA:1441,113
DA:1444,1060
DA:1446,1060
DA:1450,1278
DA:1451,1278
DA:1452,1278
DA:1453,1060
DA:1454,949
DA:1456,111
DA:1457,111
DA:1459,1060
DA:1460,1060
DA:1461,1060
DA:1464,186
DA:1466,186
DA:1467,186
DA:1468,380
DA:1469,8
DA:1470,186
DA:1471,12
DA:1472,12
DA:1474,186
DA:1478,186
DA:1482,186
DA:1483,186
DA:1484,186
DA:1485,186
DA:1486,186
DA:1487,186
DA:1490,2321
DA:1492,2321
DA:1494,2321
DA:1495,2321
DA:1496,1128
DA:1497,1128
DA:1500,1193
DA:1501,1193
DA:1503,2321
DA:1506,1499
DA:1508,1499
DA:1511,1499
DA:1512,20
DA:1514,1479
DA:1515,1479
DA:1516,226
DA:1517,226
DA:1518,190
DA:1521,226
DA:1522,226
DA:1525,1253
DA:1526,1148
DA:1528,105
DA:1529,105
DA:1534,1499
DA:1535,1499
DA:1536,1499
DA:1539,7537
DA:1540,7537
DA:1541,7537
DA:1542,7537
DA:1544,591
DA:1545,591
DA:1548,1531
DA:1549,1531
DA:1552,42
DA:1553,42
DA:1556,15
DA:1557,15
DA:1558,15
DA:1559,15
DA:1562,157
DA:1563,157
DA:1566,9
DA:1567,9
DA:1570,186
DA:1571,186
DA:1574,1173
DA:1575,1173
DA:1576,113
DA:1578,1060
DA:1579,1173
DA:1582,0
DA:1583,0
DA:1584,0
DA:1587,1499
DA:1588,1499
DA:1589,1499
DA:1593,13
DA:1594,13
DA:1597,2321
DA:1598,2321
DA:1603,7537
DA:1604,7537
DA:1605,7537
DA:1614,23
DA:1617,23
DA:1618,23
DA:1619,23
DA:1620,23
DA:1621,23
DA:1622,23
DA:1623,23
DA:1624,23
DA:1625,23
DA:1628,23
DA:1632,23
DA:1633,23
DA:1634,23
DA:1635,23
DA:1636,23
DA:1637,23
DA:1638,23
DA:1639,23
DA:1641,23
DA:1642,23
DA:1643,23
DA:1644,23
DA:1645,23
DA:1649,23
DA:1650,23
LF:919
LH:845
end_of_record
TN:result
SF:/home/zheli/test/nmap-7.70/liblua/ltm.c
FN:37,luaT_init
FN:59,luaT_gettm
FN:70,luaT_gettmbyobj
FN:90,luaT_objtypename
FN:102,luaT_callTM
FN:124,luaT_callbinTM
FN:135,luaT_trybinTM
FN:158,luaT_callorderTM
FNDA:1,luaT_init
FNDA:144164,luaT_gettm
FNDA:223287,luaT_gettmbyobj
FNDA:0,luaT_objtypename
FNDA:72877,luaT_callTM
FNDA:67899,luaT_callbinTM
FNDA:67899,luaT_trybinTM
FNDA:0,luaT_callorderTM
FNF:8
FNH:6
DA:37,1
DA:48,25
DA:49,24
DA:50,24
DA:52,1
DA:59,144164
DA:60,144164
DA:62,144164
DA:63,88
DA:64,88
DA:66,144076
DA:70,223287
DA:72,223287
DA:74,1
DA:75,1
DA:77,221937
DA:78,221937
DA:80,1349
DA:82,223287
DA:90,0
DA:92,0
DA:93,0
DA:94,0
DA:95,0
DA:96,0
DA:98,0
DA:102,72877
DA:104,72877
DA:105,72877
DA:106,72877
DA:107,72877
DA:108,72877
DA:109,72877
DA:110,72877
DA:111,52
DA:113,72877
DA:114,72877
DA:116,0
DA:117,72877
DA:118,72825
DA:119,72825
DA:121,72877
DA:124,67899
DA:126,67899
DA:127,67899
DA:128,2
DA:129,67899
DA:130,67899
DA:131,67899
DA:135,67899
DA:137,67899
DA:138,0
DA:140,0
DA:145,0
DA:146,0
DA:148,0
DA:152,0
DA:155,67899
DA:158,0
DA:160,0
DA:161,0
DA:163,0
LF:62
LH:44
end_of_record
TN:result
SF:/home/zheli/test/nmap-7.70/liblua/lcode.c
FN:43,tonumeral
FN:64,luaK_nil
FN:90,getjump
FN:103,fixjump
FN:116,luaK_concat
FN:136,luaK_jump
FN:149,luaK_ret
FN:158,condjump
FN:168,luaK_getlabel
FN:179,getjumpcontrol
FN:195,patchtestreg
FN:213,removevalues
FN:224,patchlistaux
FN:242,dischargejpc
FN:252,luaK_patchtohere
FN:263,luaK_patchlist
FN:278,luaK_patchclose
FN:293,luaK_code
FN:312,luaK_codeABC
FN:324,luaK_codeABx
FN:335,codeextraarg
FN:346,luaK_codek
FN:361,luaK_checkstack
FN:375,luaK_reserveregs
FN:386,freereg
FN:397,freeexp
FN:407,freeexps
FN:428,addk
FN:458,luaK_stringK
FN:471,luaK_intK
FN:481,luaK_numberK
FN:491,boolK
FN:501,nilK
FN:515,luaK_setreturns
FN:539,luaK_setoneret
FN:556,luaK_dischargevars
FN:595,discharge2reg
FN:641,discharge2anyreg
FN:649,code_loadbool
FN:659,need_value
FN:675,exp2reg
FN:703,luaK_exp2nextreg
FN:715,luaK_exp2anyreg
FN:734,luaK_exp2anyregup
FN:744,luaK_exp2val
FN:758,luaK_exp2RK
FN:782,luaK_storevar
FN:809,luaK_self
FN:825,negatecondition
FN:839,jumponcond
FN:857,luaK_goiftrue
FN:884,luaK_goiffalse
FN:910,codenot
FN:946,luaK_indexed
FN:960,validop
FN:978,constfolding
FN:1003,codeunexpval
FN:1018,codebinexpval
FN:1033,codecomp
FN:1062,luaK_prefix
FN:1082,luaK_infix
FN:1120,luaK_posfix
FN:1173,luaK_fixline
FN:1185,luaK_setlist
FNDA:1377,tonumeral
FNDA:246,luaK_nil
FNDA:589266,getjump
FNDA:6448,fixjump
FNDA:15958,luaK_concat
FNDA:4250,luaK_jump
FNDA:1965,luaK_ret
FNDA:3006,condjump
FNDA:7710,luaK_getlabel
FNDA:6905,getjumpcontrol
FNDA:4448,patchtestreg
FNDA:390,removevalues
FNDA:66161,patchlistaux
FNDA:65387,dischargejpc
FNDA:7188,luaK_patchtohere
FNDA:240,luaK_patchlist
FNDA:7,luaK_patchclose
FNDA:65387,luaK_code
FNDA:40565,luaK_codeABC
FNDA:24822,luaK_codeABx
FNDA:0,codeextraarg
FNDA:19941,luaK_codek
FNDA:37337,luaK_checkstack
FNDA:37211,luaK_reserveregs
FNDA:16685,freereg
FNDA:38782,freeexp
FNDA:3116,freeexps
FNDA:35999,addk
FNDA:17115,luaK_stringK
FNDA:18715,luaK_intK
FNDA:10,luaK_numberK
FNDA:47,boolK
FNDA:112,nilK
FNDA:3106,luaK_setreturns
FNDA:1765,luaK_setoneret
FNDA:152215,luaK_dischargevars
FNDA:36590,discharge2reg
FNDA:711,discharge2anyreg
FNDA:188,code_loadbool
FNDA:473,need_value
FNDA:36294,exp2reg
FNDA:35486,luaK_exp2nextreg
FNDA:26962,luaK_exp2anyreg
FNDA:2424,luaK_exp2anyregup
FNDA:49151,luaK_exp2val
FNDA:39568,luaK_exp2RK
FNDA:1503,luaK_storevar
FNDA:341,luaK_self
FNDA:2162,negatecondition
FNDA:694,jumponcond
FNDA:2643,luaK_goiftrue
FNDA:280,luaK_goiffalse
FNDA:195,codenot
FNDA:3865,luaK_indexed
FNDA:29,validop
FNDA:678,constfolding
FNDA:266,codeunexpval
FNDA:804,codebinexpval
FNDA:2312,codecomp
FNDA:486,luaK_prefix
FNDA:3705,luaK_infix
FNDA:3705,luaK_posfix
FNDA:4794,luaK_fixline
FNDA:1801,luaK_setlist
FNF:64
FNH:63
DA:43,1377
DA:44,1377
DA:45,3
DA:46,1374
DA:48,104
DA:49,104
DA:51,0
DA:52,0
DA:53,1270
DA:64,246
DA:66,246
DA:67,246
DA:68,103
DA:69,103
DA:70,31
DA:71,31
DA:72,31
DA:73,0
DA:74,31
DA:75,31
DA:76,31
DA:77,31
DA:78,277
DA:82,215
DA:90,589266
DA:91,589266
DA:92,589266
DA:93,4643
DA:95,584623
DA:103,6448
DA:104,6448
DA:105,6448
DA:107,6448
DA:108,0
DA:109,6448
DA:110,6448
DA:116,15958
DA:117,31916
DA:118,8256
DA:119,6246
DA:121,2010
DA:123,586620
DA:124,582600
DA:125,2010
DA:136,4250
DA:137,4250
DA:139,4250
DA:140,4250
DA:141,4250
DA:142,4250
DA:149,1965
DA:150,1965
DA:151,1965
DA:158,3006
DA:159,3006
DA:160,3006
DA:168,7710
DA:169,7710
DA:170,7710
DA:179,6905
DA:180,6905
DA:181,6905
DA:182,5473
DA:184,1432
DA:195,4448
DA:196,4448
DA:197,4448
DA:198,3926
DA:199,522
DA:200,30
DA:204,492
DA:206,522
DA:213,390
DA:214,400
DA:215,10
DA:216,390
DA:224,66161
DA:226,136760
DA:227,4438
DA:228,4438
DA:229,517
DA:231,3921
DA:232,4438
DA:234,66161
DA:242,65387
DA:243,65387
DA:244,65387
DA:245,65387
DA:252,7188
DA:253,7188
DA:254,7188
DA:255,7188
DA:263,240
DA:264,240
DA:265,32
DA:268,208
DA:270,240
DA:278,7
DA:279,7
DA:280,14
DA:284,7
DA:286,7
DA:293,65387
DA:294,65387
DA:295,65387
DA:297,65387
DA:299,65387
DA:301,65387
DA:303,65387
DA:304,65387
DA:312,40565
DA:317,40565
DA:324,24822
DA:328,24822
DA:335,0
DA:337,0
DA:346,19941
DA:347,19941
DA:348,19941
DA:350,0
DA:351,0
DA:352,0
DA:361,37337
DA:362,37337
DA:363,37337
DA:364,3054
DA:365,0
DA:367,3054
DA:369,37337
DA:375,37211
DA:376,37211
DA:377,37211
DA:378,37211
DA:386,16685
DA:387,16685
DA:388,5746
DA:391,16685
DA:397,38782
DA:398,38782
DA:399,5947
DA:400,38782
DA:407,3116
DA:408,3116
DA:409,3116
DA:410,3116
DA:411,1363
DA:412,1363
DA:415,1753
DA:416,1753
DA:418,3116
DA:428,35999
DA:429,35999
DA:430,35999
DA:431,35999
DA:433,35999
DA:434,19990
DA:436,38733
DA:437,18743
DA:438,18227
DA:441,17772
DA:442,17772
DA:445,17772
DA:446,17772
DA:447,17772
DA:448,17772
DA:449,17772
DA:450,17772
DA:451,17772
DA:458,17115
DA:460,17115
DA:461,17115
DA:471,18715
DA:473,18715
DA:474,18715
DA:475,18715
DA:481,10
DA:483,10
DA:484,10
DA:491,47
DA:493,47
DA:494,47
DA:501,112
DA:503,112
DA:505,112
DA:506,112
DA:515,3106
DA:516,3106
DA:517,1043
DA:519,2063
DA:520,50
DA:521,50
DA:522,50
DA:523,50
DA:526,3106
DA:539,1765
DA:540,1765
DA:543,1019
DA:544,1019
DA:546,746
DA:547,2
DA:548,2
DA:550,1765
DA:556,152215
DA:557,152215
DA:559,7095
DA:560,7095
DA:563,1200
DA:564,1200
DA:565,1200
DA:569,3273
DA:570,3273
DA:571,1233
DA:572,1233
DA:576,2040
DA:578,3273
DA:579,3273
DA:580,3273
DA:583,752
DA:584,752
DA:586,139895
DA:588,152215
DA:595,36590
DA:596,36590
DA:597,36590
DA:599,134
DA:600,134
DA:603,216
DA:604,216
DA:607,16906
DA:608,16906
DA:611,2
DA:612,2
DA:615,3017
DA:616,3017
DA:619,12338
DA:620,12338
DA:621,12338
DA:624,3885
DA:625,2673
DA:626,3885
DA:630,36682
DA:633,36498
DA:634,36498
DA:641,711
DA:642,711
DA:643,296
DA:644,296
DA:646,711
DA:649,188
DA:650,188
DA:651,188
DA:659,473
DA:660,674
DA:661,295
DA:662,295
DA:664,379
DA:675,36294
DA:676,36294
DA:677,36294
DA:678,92
DA:679,36294
DA:681,283
DA:682,283
DA:683,283
DA:684,94
DA:685,94
DA:686,94
DA:687,94
DA:689,283
DA:690,283
DA:691,283
DA:693,36294
DA:694,36294
DA:695,36294
DA:696,36294
DA:703,35486
DA:704,35486
DA:705,35486
DA:706,35486
DA:707,35486
DA:708,35486
DA:715,26962
DA:716,26962
DA:717,26962
DA:718,11775
DA:719,11757
DA:720,18
DA:721,10
DA:722,10
DA:725,15195
DA:726,15195
DA:734,2424
DA:735,2424
DA:736,1550
DA:737,2424
DA:744,49151
DA:745,49151
DA:746,34
DA:748,49117
DA:749,49151
DA:758,39568
DA:759,39568
DA:760,39568
DA:761,33
DA:762,14
DA:763,112
DA:764,15682
DA:765,8
DA:768,29642
DA:769,29642
DA:770,16058
DA:771,13584
DA:772,9926
DA:775,23510
DA:782,1503
DA:783,1503
DA:785,798
DA:786,798
DA:787,2301
DA:790,113
DA:791,113
DA:792,113
DA:795,592
DA:796,592
DA:797,592
DA:798,592
DA:802,705
DA:809,341
DA:811,341
DA:812,341
DA:813,341
DA:814,341
DA:815,341
DA:816,341
DA:817,341
DA:818,341
DA:819,341
DA:825,2162
DA:826,2162
DA:829,2162
DA:830,2162
DA:839,694
DA:840,694
DA:841,412
DA:842,412
DA:843,172
DA:844,172
DA:848,522
DA:849,522
DA:850,522
DA:857,2643
DA:859,2643
DA:860,2643
DA:862,2156
DA:863,2156
DA:864,2156
DA:867,9
DA:868,9
DA:871,478
DA:872,478
DA:875,2643
DA:876,2643
DA:877,2643
DA:878,2643
DA:884,280
DA:886,280
DA:887,280
DA:889,64
DA:890,64
DA:893,0
DA:894,0
DA:897,216
DA:898,216
DA:901,280
DA:902,280
DA:903,280
DA:904,280
DA:910,195
DA:911,195
DA:912,195
DA:914,0
DA:915,0
DA:918,0
DA:919,0
DA:922,6
DA:923,6
DA:927,189
DA:928,189
DA:929,189
DA:930,189
DA:931,189
DA:936,195
DA:937,195
DA:938,195
DA:939,195
DA:946,3865
DA:948,3865
DA:949,3865
DA:950,3865
DA:951,3865
DA:952,3865
DA:960,29
DA:961,29
DA:965,0
DA:968,0
DA:969,29
DA:978,678
DA:980,678
DA:981,649
DA:982,29
DA:983,29
DA:984,28
DA:985,28
DA:988,1
DA:989,1
DA:990,0
DA:991,1
DA:992,1
DA:994,29
DA:1003,266
DA:1004,266
DA:1005,266
DA:1006,266
DA:1007,266
DA:1008,266
DA:1009,266
DA:1018,804
DA:1020,804
DA:1021,804
DA:1022,804
DA:1023,804
DA:1024,804
DA:1025,804
DA:1026,804
DA:1033,2312
DA:1034,4631
DA:1035,2319
DA:1036,2312
DA:1037,2312
DA:1038,2312
DA:1040,118
DA:1041,118
DA:1045,865
DA:1046,865
DA:1047,865
DA:1050,1329
DA:1051,1329
DA:1052,1329
DA:1055,2312
DA:1056,2312
DA:1062,486
DA:1064,486
DA:1066,29
DA:1067,25
DA:1070,266
DA:1071,266
DA:1072,195
DA:1075,486
DA:1082,3705
DA:1083,3705
DA:1085,190
DA:1086,190
DA:1089,261
DA:1090,261
DA:1093,293
DA:1094,293
DA:1101,649
DA:1102,624
DA:1104,649
DA:1107,2312
DA:1108,2312
DA:1111,3705
DA:1120,3705
DA:1122,3705
DA:1125,190
DA:1126,190
DA:1127,190
DA:1128,190
DA:1132,261
DA:1133,261
DA:1134,261
DA:1135,261
DA:1138,293
DA:1139,445
DA:1140,152
DA:1142,134
DA:1143,134
DA:1144,134
DA:1147,159
DA:1148,159
DA:1150,293
DA:1156,649
DA:1157,645
DA:1158,649
DA:1162,2312
DA:1163,2312
DA:1167,3705
DA:1173,4794
DA:1174,4794
DA:1175,4794
DA:1185,1801
DA:1186,1801
DA:1187,1801
DA:1189,1801
DA:1190,1801
DA:1191,0
DA:1192,0
DA:1193,0
DA:1196,0
DA:1197,1801
DA:1198,1801
LF:511
LH:488
end_of_record
TN:result
SF:/home/zheli/test/nmap-7.70/liblua/ldo.c
FN:96,seterrorobj
FN:115,luaD_throw
FN:141,luaD_rawrunprotected
FN:163,correctstack
FN:182,luaD_reallocstack
FN:196,luaD_growstack
FN:215,stackinuse
FN:226,luaD_shrinkstack
FN:242,luaD_inctop
FN:255,luaD_hook
FN:282,callhook
FN:295,adjust_varargs
FN:317,tryfuncTM
FN:349,luaD_precall
FN:416,moveresults
FN:458,luaD_poscall
FN:483,stackerror
FN:517,luaD_call
FN:529,luaD_callnoyield
FN:540,finishCcall
FN:572,unroll
FN:590,findpcall
FN:605,recover
FN:627,resume_error
FN:642,resume
FN:679,lua_resume
FN:710,lua_isyieldable
FN:715,lua_yieldk
FN:744,luaD_pcall
FN:780,checkmode
FN:789,f_parser
FN:806,luaD_protectedparser
FNDA:1,seterrorobj
FNDA:12,luaD_throw
FNDA:143731,luaD_rawrunprotected
FNDA:26,correctstack
FNDA:26,luaD_reallocstack
FNDA:15,luaD_growstack
FNDA:17,stackinuse
FNDA:17,luaD_shrinkstack
FNDA:181,luaD_inctop
FNDA:0,luaD_hook
FNDA:0,callhook
FNDA:237,adjust_varargs
FNDA:0,tryfuncTM
FNDA:397221,luaD_precall
FNDA:397119,moveresults
FNDA:397119,luaD_poscall
FNDA:0,stackerror
FNDA:258032,luaD_call
FNDA:181319,luaD_callnoyield
FNDA:0,finishCcall
FNDA:11,unroll
FNDA:0,findpcall
FNDA:0,recover
FNDA:0,resume_error
FNDA:20,resume
FNDA:20,lua_resume
FNDA:0,lua_isyieldable
FNDA:11,lua_yieldk
FNDA:143709,luaD_pcall
FNDA:23,checkmode
FNDA:23,f_parser
FNDA:23,luaD_protectedparser
FNF:32
FNH:23
DA:96,1
DA:97,1
DA:99,0
DA:100,0
DA:103,0
DA:104,0
DA:107,1
DA:108,1
DA:111,1
DA:112,1
DA:115,12
DA:116,12
DA:117,12
DA:118,12
DA:121,0
DA:122,0
DA:123,0
DA:124,0
DA:125,0
DA:128,0
DA:129,0
DA:130,0
DA:131,0
DA:133,0
DA:135,0
DA:141,143731
DA:142,143731
DA:144,143731
DA:145,143731
DA:146,143731
DA:147,143731
DA:150,143731
DA:151,143731
DA:152,143731
DA:163,26
DA:166,26
DA:167,691
DA:168,665
DA:169,164
DA:170,138
DA:171,138
DA:172,138
DA:173,72
DA:175,26
DA:182,26
DA:183,26
DA:184,26
DA:187,26
DA:188,1257
DA:189,1231
DA:190,26
DA:191,26
DA:192,26
DA:193,26
DA:196,15
DA:197,15
DA:198,15
DA:199,0
DA:201,15
DA:202,15
DA:203,15
DA:204,15
DA:205,15
DA:206,0
DA:207,0
DA:210,15
DA:212,15
DA:215,17
DA:217,17
DA:218,131
DA:220,114
DA:222,17
DA:226,17
DA:227,17
DA:228,17
DA:229,17
DA:230,17
DA:231,0
DA:233,17
DA:234,34
DA:235,17
DA:236,11
DA:239,17
DA:242,181
DA:243,181
DA:244,181
DA:245,181
DA:255,0
DA:256,0
DA:257,0
DA:258,0
DA:259,0
DA:260,0
DA:262,0
DA:263,0
DA:264,0
DA:265,0
DA:266,0
DA:268,0
DA:269,0
DA:271,0
DA:274,0
DA:275,0
DA:276,0
DA:277,0
DA:279,0
DA:282,0
DA:283,0
DA:284,0
DA:285,0
DA:286,0
DA:287,0
DA:288,0
DA:290,0
DA:291,0
DA:292,0
DA:295,237
DA:297,237
DA:300,237
DA:301,237
DA:302,426
DA:303,189
DA:304,189
DA:306,237
DA:307,0
DA:308,237
DA:317,0
DA:318,0
DA:320,0
DA:321,0
DA:323,0
DA:324,0
DA:325,0
DA:326,0
DA:327,0
DA:349,397221
DA:352,397221
DA:354,196
DA:355,196
DA:357,352225
DA:360,352421
DA:361,352421
DA:362,352421
DA:363,352421
DA:364,352421
DA:366,352421
DA:367,352421
DA:368,0
DA:370,352421
DA:373,352409
DA:374,352409
DA:378,44800
DA:379,44800
DA:380,44800
DA:381,44800
DA:382,44800
DA:383,44594
DA:384,31
DA:385,44563
DA:388,237
DA:389,44800
DA:390,44800
DA:391,44800
DA:392,44800
DA:393,44800
DA:395,44800
DA:396,44800
DA:397,44800
DA:398,0
DA:399,44800
DA:402,0
DA:403,0
DA:404,0
DA:416,397119
DA:418,397119
DA:419,147436
DA:421,195327
DA:422,31
DA:423,195327
DA:424,195327
DA:428,97763
DA:429,48926
DA:430,48837
DA:431,48837
DA:435,5519
DA:436,14399
DA:437,10228
DA:440,2703
DA:441,1355
DA:442,2700
DA:443,1352
DA:445,5519
DA:448,348282
DA:449,348282
DA:458,397119
DA:460,397119
DA:461,397119
DA:462,0
DA:463,0
DA:464,0
DA:465,0
DA:467,0
DA:469,397119
DA:470,397119
DA:472,397119
DA:483,0
DA:484,0
DA:485,0
DA:486,0
DA:487,0
DA:488,0
DA:517,258032
DA:518,258032
DA:519,0
DA:520,258032
DA:521,37690
DA:522,258031
DA:523,258031
DA:529,181319
DA:530,181319
DA:531,181319
DA:532,181318
DA:533,181318
DA:540,0
DA:541,0
DA:547,0
DA:548,0
DA:549,0
DA:553,0
DA:556,0
DA:560,0
DA:561,0
DA:572,11
DA:573,11
DA:574,0
DA:575,31
DA:576,17
DA:577,0
DA:579,17
DA:580,17
DA:583,3
DA:590,0
DA:592,0
DA:593,0
DA:594,0
DA:596,0
DA:605,0
DA:607,0
DA:608,0
DA:610,0
DA:611,0
DA:612,0
DA:613,0
DA:614,0
DA:615,0
DA:616,0
DA:617,0
DA:618,0
DA:627,0
DA:628,0
DA:629,0
DA:630,0
DA:631,0
DA:642,20
DA:643,20
DA:644,20
DA:645,20
DA:646,20
DA:647,20
DA:648,0
DA:649,20
DA:650,9
DA:651,0
DA:653,9
DA:654,9
DA:656,11
DA:657,0
DA:659,11
DA:660,11
DA:661,11
DA:662,0
DA:664,11
DA:666,0
DA:669,0
DA:671,11
DA:673,11
DA:676,9
DA:679,20
DA:681,20
DA:684,20
DA:685,20
DA:687,20
DA:688,20
DA:689,0
DA:691,40
DA:693,0
DA:695,20
DA:696,0
DA:697,0
DA:698,0
DA:702,20
DA:703,20
DA:706,20
DA:710,0
DA:711,0
DA:715,11
DA:717,11
DA:721,11
DA:722,0
DA:723,0
DA:725,0
DA:727,11
DA:728,11
DA:729,11
DA:733,11
DA:734,0
DA:735,11
DA:736,11
DA:740,0
DA:744,143709
DA:747,143709
DA:748,143709
DA:749,143709
DA:750,143709
DA:751,143709
DA:752,143709
DA:753,143709
DA:754,1
DA:755,1
DA:756,1
DA:757,1
DA:758,1
DA:759,1
DA:760,1
DA:762,143709
DA:763,143709
DA:780,23
DA:781,23
DA:782,0
DA:784,0
DA:786,23
DA:789,23
DA:791,23
DA:792,23
DA:793,23
DA:794,0
DA:795,0
DA:798,23
DA:799,23
DA:802,23
DA:803,23
DA:806,23
DA:810,23
DA:811,23
DA:812,23
DA:813,23
DA:814,23
DA:815,23
DA:816,23
DA:817,23
DA:818,23
DA:819,23
DA:820,23
DA:821,23
DA:822,23
LF:365
LH:235
end_of_record
TN:result
SF:/home/zheli/test/nmap-7.70/liblua/lutf8lib.c
FN:30,u_posrelat
FN:40,utf8_decode
FN:71,utflen
FN:100,codepoint
FN:128,pushutfchar
FN:138,utfchar
FN:160,byteoffset
FN:201,iter_aux
FN:225,iter_codes
FN:250,luaopen_utf8
FNDA:0,u_posrelat
FNDA:0,utf8_decode
FNDA:0,utflen
FNDA:0,codepoint
FNDA:0,pushutfchar
FNDA:0,utfchar
FNDA:0,byteoffset
FNDA:0,iter_aux
FNDA:0,iter_codes
FNDA:1,luaopen_utf8
FNF:10
FNH:1
DA:30,0
DA:31,0
DA:32,0
DA:33,0
DA:40,0
DA:42,0
DA:43,0
DA:44,0
DA:45,0
DA:46,0
DA:48,0
DA:49,0
DA:50,0
DA:51,0
DA:52,0
DA:53,0
DA:54,0
DA:56,0
DA:57,0
DA:58,0
DA:59,0
DA:61,0
DA:62,0
DA:71,0
DA:72,0
DA:74,0
DA:75,0
DA:76,0
DA:77,0
DA:79,0
DA:81,0
DA:82,0
DA:83,0
DA:84,0
DA:85,0
DA:86,0
DA:88,0
DA:89,0
DA:91,0
DA:92,0
DA:100,0
DA:102,0
DA:103,0
DA:104,0
DA:107,0
DA:108,0
DA:109,0
DA:110,0
DA:111,0
DA:112,0
DA:113,0
DA:114,0
DA:115,0
DA:116,0
DA:118,0
DA:119,0
DA:120,0
DA:121,0
DA:122,0
DA:124,0
DA:128,0
DA:129,0
DA:130,0
DA:131,0
DA:132,0
DA:138,0
DA:139,0
DA:140,0
DA:141,0
DA:145,0
DA:146,0
DA:147,0
DA:148,0
DA:150,0
DA:152,0
DA:160,0
DA:162,0
DA:163,0
DA:164,0
DA:165,0
DA:166,0
DA:168,0
DA:170,0
DA:173,0
DA:174,0
DA:175,0
DA:176,0
DA:178,0
DA:179,0
DA:180,0
DA:184,0
DA:185,0
DA:187,0
DA:188,0
DA:189,0
DA:193,0
DA:194,0
DA:196,0
DA:197,0
DA:201,0
DA:203,0
DA:204,0
DA:205,0
DA:206,0
DA:207,0
DA:208,0
DA:209,0
DA:211,0
DA:212,0
DA:215,0
DA:216,0
DA:217,0
DA:218,0
DA:219,0
DA:220,0
DA:225,0
DA:226,0
DA:227,0
DA:228,0
DA:229,0
DA:230,0
DA:250,1
DA:251,1
DA:252,1
DA:253,1
DA:254,1
LF:126
LH:5
end_of_record
TN:result
SF:/home/zheli/test/nmap-7.70/liblua/ltablib.c
FN:36,checkfield
FN:46,checktab
FN:79,tinsert
FN:106,tremove
FN:128,tmove
FN:160,addfield
FN:169,tconcat
FN:194,pack
FN:207,unpack
FN:258,l_randomizePivot
FN:277,set2
FN:287,sort_comp
FN:310,partition
FN:346,choosePivot
FN:357,auxsort
FN:411,sort
FN:441,luaopen_table
FNDA:0,checkfield
FNDA:806,checktab
FNDA:16,tinsert
FNDA:1,tremove
FNDA:0,tmove
FNDA:804,addfield
FNDA:789,tconcat
FNDA:56,pack
FNDA:48,unpack
FNDA:0,l_randomizePivot
FNDA:0,set2
FNDA:0,sort_comp
FNDA:0,partition
FNDA:0,choosePivot
FNDA:0,auxsort
FNDA:0,sort
FNDA:1,luaopen_table
FNF:17
FNH:8
DA:36,0
DA:37,0
DA:38,0
DA:46,806
DA:47,806
DA:48,0
DA:49,0
DA:50,0
DA:51,0
DA:52,0
DA:53,0
DA:56,0
DA:58,806
DA:79,16
DA:80,16
DA:82,16
DA:84,15
DA:85,15
DA:89,1
DA:90,1
DA:91,5
DA:92,4
DA:93,4
DA:95,1
DA:98,0
DA:101,16
DA:102,16
DA:106,1
DA:107,1
DA:108,1
DA:109,1
DA:110,1
DA:111,1
DA:112,1
DA:113,0
DA:114,0
DA:116,1
DA:117,1
DA:118,1
DA:128,0
DA:129,0
DA:130,0
DA:131,0
DA:132,0
DA:133,0
DA:134,0
DA:135,0
DA:137,0
DA:139,0
DA:140,0
DA:142,0
DA:143,0
DA:144,0
DA:145,0
DA:149,0
DA:150,0
DA:151,0
DA:155,0
DA:156,0
DA:160,804
DA:161,804
DA:162,804
DA:163,0
DA:165,804
DA:166,804
DA:169,789
DA:171,789
DA:173,789
DA:174,789
DA:175,789
DA:176,789
DA:177,806
DA:178,17
DA:179,17
DA:181,789
DA:182,787
DA:183,789
DA:184,789
DA:194,56
DA:196,56
DA:197,56
DA:198,56
DA:199,166
DA:200,110
DA:201,56
DA:202,56
DA:203,56
DA:207,48
DA:209,48
DA:210,48
DA:211,48
DA:212,47
DA:213,47
DA:214,0
DA:215,87
DA:216,40
DA:218,47
DA:219,47
DA:258,0
DA:259,0
DA:260,0
DA:262,0
DA:263,0
DA:264,0
DA:265,0
DA:266,0
DA:267,0
DA:277,0
DA:278,0
DA:279,0
DA:280,0
DA:287,0
DA:288,0
DA:289,0
DA:292,0
DA:293,0
DA:294,0
DA:295,0
DA:296,0
DA:297,0
DA:298,0
DA:310,0
DA:311,0
DA:312,0
DA:316,0
DA:317,0
DA:318,0
DA:319,0
DA:323,0
DA:324,0
DA:325,0
DA:326,0
DA:329,0
DA:331,0
DA:333,0
DA:334,0
DA:337,0
DA:338,0
DA:346,0
DA:347,0
DA:348,0
DA:350,0
DA:357,0
DA:359,0
DA:363,0
DA:364,0
DA:365,0
DA:366,0
DA:368,0
DA:369,0
DA:370,0
DA:371,0
DA:372,0
DA:374,0
DA:375,0
DA:376,0
DA:377,0
DA:378,0
DA:380,0
DA:381,0
DA:382,0
DA:383,0
DA:385,0
DA:387,0
DA:388,0
DA:389,0
DA:390,0
DA:391,0
DA:392,0
DA:393,0
DA:395,0
DA:396,0
DA:397,0
DA:398,0
DA:401,0
DA:402,0
DA:403,0
DA:405,0
DA:406,0
DA:411,0
DA:412,0
DA:413,0
DA:414,0
DA:415,0
DA:416,0
DA:417,0
DA:418,0
DA:420,0
DA:441,1
DA:442,1
DA:448,1
LF:191
LH:66
end_of_record
TN:result
SF:/home/zheli/test/nmap-7.70/liblua/lobject.c
FN:41,luaO_int2fb
FN:57,luaO_fb2int
FN:65,luaO_ceillog2
FN:83,intarith
FN:103,numarith
FN:123,luaO_arith
FN:163,luaO_hexavalue
FN:169,isneg
FN:251,l_str2dloc
FN:274,l_str2d
FN:299,l_str2int
FN:331,luaO_str2num
FN:346,luaO_utf8esc
FN:371,luaO_tostring
FN:390,pushstr
FN:400,luaO_pushvfstring
FN:467,luaO_pushfstring
FN:486,luaO_chunkid
FNDA:12666,luaO_int2fb
FNDA:11682,luaO_fb2int
FNDA:22350,luaO_ceillog2
FNDA:28,intarith
FNDA:1,numarith
FNDA:29,luaO_arith
FNDA:75105,luaO_hexavalue
FNDA:28753,isneg
FNDA:6487,l_str2dloc
FNDA:10018,l_str2d
FNDA:28753,l_str2int
FNDA:28753,luaO_str2num
FNDA:0,luaO_utf8esc
FNDA:8,luaO_tostring
FNDA:130,pushstr
FNDA:39,luaO_pushvfstring
FNDA:0,luaO_pushfstring
FNDA:53,luaO_chunkid
FNF:18
FNH:16
DA:41,12666
DA:42,12666
DA:43,12666
DA:44,52
DA:45,4
DA:46,4
DA:48,57
DA:49,9
DA:50,9
DA:52,24
DA:57,11682
DA:58,11682
DA:65,22350
DA:76,22350
DA:77,22350
DA:78,22350
DA:79,22350
DA:83,28
DA:85,28
DA:86,1
DA:87,0
DA:88,2
DA:89,0
DA:90,0
DA:91,0
DA:92,0
DA:93,0
DA:94,0
DA:95,0
DA:96,25
DA:97,0
DA:98,0
DA:103,1
DA:105,1
DA:106,0
DA:107,0
DA:108,0
DA:109,0
DA:110,1
DA:111,0
DA:112,0
DA:115,0
DA:116,0
DA:118,0
DA:123,29
DA:125,29
DA:130,0
DA:131,0
DA:132,0
DA:138,1
DA:139,1
DA:140,1
DA:146,28
DA:147,28
DA:148,56
DA:150,0
DA:151,0
DA:152,0
DA:159,0
DA:163,75105
DA:164,75105
DA:165,22509
DA:169,28753
DA:170,28753
DA:171,28753
DA:172,28753
DA:251,6487
DA:253,6487
DA:254,6487
DA:255,6487
DA:256,10
DA:257,10
DA:274,10018
DA:276,10018
DA:277,10018
DA:278,10018
DA:279,3531
DA:280,6487
DA:281,6487
DA:283,6477
DA:284,6477
DA:285,6477
DA:286,0
DA:287,0
DA:288,0
DA:289,0
DA:290,0
DA:292,10
DA:299,28753
DA:300,28753
DA:301,28753
DA:303,28753
DA:304,28753
DA:305,64284
DA:306,18016
DA:307,17682
DA:308,91697
DA:309,74015
DA:310,74015
DA:314,12495
DA:315,1424
DA:316,1424
DA:317,0
DA:318,1424
DA:319,1424
DA:322,28753
DA:323,28753
DA:325,18735
DA:326,18735
DA:331,28753
DA:334,28753
DA:335,18735
DA:337,10018
DA:338,10
DA:341,10008
DA:342,18745
DA:346,0
DA:347,0
DA:349,0
DA:350,0
DA:352,0
DA:354,0
DA:355,0
DA:356,0
DA:357,0
DA:358,0
DA:360,0
DA:371,8
DA:375,8
DA:376,8
DA:378,0
DA:380,0
DA:381,0
DA:382,0
DA:386,8
DA:387,8
DA:390,130
DA:391,130
DA:392,130
DA:393,130
DA:400,39
DA:401,39
DA:403,87
DA:404,87
DA:405,48
DA:406,48
DA:408,34
DA:409,34
DA:410,34
DA:411,34
DA:414,0
DA:415,0
DA:416,0
DA:418,0
DA:419,0
DA:422,1
DA:423,1
DA:426,4
DA:427,4
DA:430,0
DA:432,5
DA:433,5
DA:434,5
DA:438,9
DA:439,9
DA:440,9
DA:444,0
DA:445,0
DA:446,0
DA:449,0
DA:450,0
DA:453,0
DA:454,0
DA:457,48
DA:458,48
DA:459,48
DA:460,39
DA:461,39
DA:462,39
DA:463,39
DA:467,0
DA:470,0
DA:471,0
DA:472,0
DA:473,0
DA:486,53
DA:487,53
DA:488,53
DA:489,1
DA:490,1
DA:492,0
DA:493,0
DA:496,52
DA:497,52
DA:498,52
DA:500,0
DA:501,0
DA:502,0
DA:506,0
DA:507,0
DA:508,0
DA:509,0
DA:510,0
DA:513,0
DA:514,0
DA:515,0
DA:516,0
DA:518,0
DA:520,53
LF:209
LH:129
end_of_record
TN:result
SF:/home/zheli/test/nmap-7.70/liblua/ltable.c
FN:99,l_hashfloat
FN:119,mainposition
FN:146,arrayindex
FN:161,findindex
FN:188,luaH_next
FN:221,computesizes
FN:243,countint
FN:259,numusearray
FN:285,numusehash
FN:301,setarrayvector
FN:310,setnodevector
FN:335,luaH_resize
FN:370,luaH_resizearray
FN:378,rehash
FN:404,luaH_new
FN:416,luaH_free
FN:424,getfreepos
FN:442,luaH_newkey
FN:497,luaH_getint
FN:520,luaH_getshortstr
FN:541,getgeneric
FN:556,luaH_getstr
FN:570,luaH_get
FN:591,luaH_set
FN:599,luaH_setint
FN:613,unbound_search
FN:641,luaH_getn
FNDA:24,l_hashfloat
FNDA:209091,mainposition
FNDA:87000,arrayindex
FNDA:11641,findindex
FNDA:11641,luaH_next
FNDA:17735,computesizes
FNDA:76062,countint
FNDA:17735,numusearray
FNDA:17735,numusehash
FNDA:58479,setarrayvector
FNDA:120298,setnodevector
FNDA:67593,luaH_resize
FNDA:6,luaH_resizearray
FNDA:17735,rehash
FNDA:52705,luaH_new
FNDA:52705,luaH_free
FNDA:51972,getfreepos
FNDA:128348,luaH_newkey
FNDA:312932,luaH_getint
FNDA:1078765,luaH_getshortstr
FNDA:36162,getgeneric
FNDA:554640,luaH_getstr
FNDA:218805,luaH_get
FNDA:154320,luaH_set
FNDA:138075,luaH_setint
FNDA:19,unbound_search
FNDA:144738,luaH_getn
FNF:27
FNH:27
DA:99,24
DA:102,24
DA:103,24
DA:105,0
DA:108,24
DA:109,24
DA:119,209091
DA:120,209091
DA:122,22930
DA:124,24
DA:126,110132
DA:128,715
DA:130,105
DA:132,74802
DA:134,0
DA:137,383
DA:146,87000
DA:147,87000
DA:148,13310
DA:149,13310
DA:150,13306
DA:152,73694
DA:161,11641
DA:163,11641
DA:164,10938
DA:165,10938
DA:166,594
DA:169,10344
DA:172,15204
DA:173,2430
DA:174,0
DA:175,10344
DA:177,10344
DA:179,2430
DA:180,2430
DA:181,0
DA:182,2430
DA:183,2430
DA:188,11641
DA:189,11641
DA:190,11641
DA:191,594
DA:192,594
DA:193,594
DA:194,594
DA:197,21236
DA:198,20542
DA:199,10353
DA:200,10353
DA:201,10353
DA:204,694
DA:221,17735
DA:224,17735
DA:225,17735
DA:226,17735
DA:228,56801
DA:229,39066
DA:230,38969
DA:231,38969
DA:232,38965
DA:233,38965
DA:238,17735
DA:239,17735
DA:243,76062
DA:244,76062
DA:245,76062
DA:246,12584
DA:247,12584
DA:250,63478
DA:259,17735
DA:262,17735
DA:263,17735
DA:265,46252
DA:266,46252
DA:267,46252
DA:268,46252
DA:269,19500
DA:270,19500
DA:271,17735
DA:274,83643
DA:275,55126
DA:276,55061
DA:278,28517
DA:279,28517
DA:281,17735
DA:285,17735
DA:286,17735
DA:287,17735
DA:288,17735
DA:289,106824
DA:290,71354
DA:291,71354
DA:292,58327
DA:293,58327
DA:296,17735
DA:297,17735
DA:301,58479
DA:303,58479
DA:304,213756
DA:305,155277
DA:306,58479
DA:307,58479
DA:310,120298
DA:312,120298
DA:313,110532
DA:314,110532
DA:318,9766
DA:319,9766
DA:320,0
DA:321,9766
DA:322,9766
DA:323,154016
DA:324,144250
DA:325,144250
DA:326,144250
DA:327,144250
DA:330,120298
DA:331,120298
DA:332,120298
DA:335,67593
DA:339,67593
DA:340,67593
DA:341,67593
DA:342,67593
DA:343,58479
DA:345,67593
DA:346,67593
DA:347,0
DA:349,0
DA:350,0
DA:351,0
DA:354,0
DA:357,188805
DA:358,121212
DA:359,121212
DA:362,58327
DA:365,67593
DA:366,4747
DA:367,67593
DA:370,6
DA:371,6
DA:372,6
DA:373,6
DA:378,17735
DA:384,17735
DA:385,17735
DA:386,17735
DA:387,17735
DA:389,17735
DA:390,17735
DA:392,17735
DA:394,17735
DA:395,17735
DA:404,52705
DA:405,52705
DA:406,52705
DA:407,52705
DA:408,52705
DA:409,52705
DA:410,52705
DA:411,52705
DA:412,52705
DA:416,52705
DA:417,52705
DA:418,5019
DA:419,52705
DA:420,52705
DA:421,52705
DA:424,51972
DA:425,147800
DA:426,78093
DA:427,78093
DA:428,34237
DA:430,17735
DA:442,128348
DA:445,128348
DA:446,128348
DA:448,15
DA:449,5
DA:450,5
DA:452,10
DA:453,0
DA:455,128348
DA:456,128348
DA:458,51972
DA:459,51972
DA:460,17735
DA:462,17735
DA:465,34237
DA:466,34237
DA:468,17074
DA:469,1666
DA:470,7704
DA:471,7704
DA:472,7704
DA:473,925
DA:474,925
DA:476,7704
DA:480,26533
DA:481,5092
DA:483,26533
DA:484,26533
DA:487,110613
DA:488,110613
DA:490,110613
DA:497,312932
DA:499,312932
DA:500,290037
DA:502,22895
DA:504,22934
DA:505,2
DA:507,22932
DA:508,22932
DA:509,39
DA:511,39
DA:512,22893
DA:520,1078765
DA:521,1078765
DA:524,1421027
DA:525,1421027
DA:526,1000550
DA:528,420477
DA:529,420477
DA:530,78215
DA:531,342262
DA:533,342262
DA:541,36162
DA:542,36162
DA:544,39459
DA:545,6341
DA:547,33118
DA:548,33118
DA:549,29821
DA:550,3297
DA:552,3297
DA:556,554640
DA:557,554640
DA:558,554640
DA:561,0
DA:562,0
DA:570,218805
DA:571,218805
DA:572,156675
DA:573,25961
DA:574,0
DA:577,17
DA:578,7
DA:582,36162
DA:591,154320
DA:592,154320
DA:593,154320
DA:594,73087
DA:595,81233
DA:599,138075
DA:600,138075
DA:602,138075
DA:603,127280
DA:606,10795
DA:607,10795
DA:609,138075
DA:610,138075
DA:613,19
DA:614,19
DA:615,19
DA:617,38
DA:618,0
DA:619,0
DA:621,0
DA:622,0
DA:623,0
DA:625,0
DA:628,38
DA:629,0
DA:630,0
DA:631,0
DA:633,19
DA:641,144738
DA:642,144738
DA:643,144738
DA:645,45968
DA:646,209343
DA:647,117407
DA:648,117407
DA:649,64997
DA:651,45968
DA:654,98770
DA:655,98751
DA:656,19
LF:288
LH:265
end_of_record
TN:result
SF:/home/zheli/test/nmap-7.70/liblua/lstring.c
FN:40,luaS_eqlngstr
FN:49,luaS_hash
FN:58,luaS_hashlongstr
FN:71,luaS_resize
FN:103,luaS_clearcache
FN:116,luaS_init
FN:133,createstrobj
FN:147,luaS_createlngstrobj
FN:154,luaS_remove
FN:167,internshrstr
FN:199,luaS_newlstr
FN:219,luaS_new
FN:236,luaS_newudata
FNDA:157,luaS_eqlngstr
FNDA:133735,luaS_hash
FNDA:715,luaS_hashlongstr
FNDA:6,luaS_resize
FNDA:15,luaS_clearcache
FNDA:1,luaS_init
FNDA:4686,createstrobj
FNDA:240,luaS_createlngstrobj
FNDA:4446,luaS_remove
FNDA:133602,internshrstr
FNDA:133812,luaS_newlstr
FNDA:558862,luaS_new
FNDA:143655,luaS_newudata
FNF:13
FNH:13
DA:40,157
DA:41,157
DA:43,316
DA:44,26
DA:45,2
DA:49,133735
DA:50,133735
DA:51,133735
DA:52,545158
DA:53,411423
DA:54,133735
DA:58,715
DA:60,715
DA:61,132
DA:62,132
DA:64,715
DA:71,6
DA:73,6
DA:74,6
DA:75,6
DA:76,4102
DA:77,4096
DA:79,3974
DA:80,3968
DA:81,3968
DA:82,11904
DA:83,3968
DA:84,3968
DA:85,3968
DA:86,3968
DA:87,3968
DA:90,6
DA:93,0
DA:95,6
DA:96,6
DA:103,15
DA:105,810
DA:106,2385
DA:107,1590
DA:108,37
DA:110,15
DA:116,1
DA:117,1
DA:119,1
DA:121,1
DA:122,1
DA:123,54
DA:124,159
DA:125,106
DA:126,1
DA:133,4686
DA:137,4686
DA:138,4686
DA:139,4686
DA:140,4686
DA:141,4686
DA:142,4686
DA:143,4686
DA:147,240
DA:148,240
DA:149,240
DA:150,240
DA:154,4446
DA:155,4446
DA:156,4446
DA:157,9617
DA:158,725
DA:159,4446
DA:160,4446
DA:161,4446
DA:167,133602
DA:169,133602
DA:170,133602
DA:171,133602
DA:173,203081
DA:174,328580
DA:175,129945
DA:177,129156
DA:178,148
DA:179,129156
DA:182,4446
DA:183,5
DA:184,5
DA:186,4446
DA:187,4446
DA:188,4446
DA:189,4446
DA:190,4446
DA:191,4446
DA:192,4446
DA:199,133812
DA:200,133812
DA:201,133602
DA:204,210
DA:205,0
DA:206,210
DA:207,210
DA:208,210
DA:219,558862
DA:220,558862
DA:222,558862
DA:223,564659
DA:224,563926
DA:225,558129
DA:228,1466
DA:229,733
DA:231,733
DA:232,733
DA:236,143655
DA:239,143655
DA:240,0
DA:241,143655
DA:242,143655
DA:243,143655
DA:244,143655
DA:245,143655
DA:246,143655
LF:117
LH:114
end_of_record
TN:result
SF:/home/zheli/test/nmap-7.70/liblua/ldblib.c
FN:35,checkstack
FN:41,db_getregistry
FN:47,db_getmetatable
FN:56,db_setmetatable
FN:66,db_getuservalue
FN:75,db_setuservalue
FN:90,getthread
FN:107,settabss
FN:112,settabsi
FN:117,settabsb
FN:130,treatstackoption
FN:145,db_getinfo
FN:193,db_getlocal
FN:224,db_setlocal
FN:248,auxupvalue
FN:260,db_getupvalue
FN:265,db_setupvalue
FN:275,checkupval
FN:284,db_upvalueid
FN:291,db_upvaluejoin
FN:305,hookf
FN:324,makemask
FN:337,unmakemask
FN:347,db_sethook
FN:379,db_gethook
FN:402,db_debug
FN:417,db_traceback
FN:452,luaopen_debug
FNDA:52,checkstack
FNDA:1,db_getregistry
FNDA:0,db_getmetatable
FNDA:0,db_setmetatable
FNDA:0,db_getuservalue
FNDA:0,db_setuservalue
FNDA:52,getthread
FNDA:156,settabss
FNDA:104,settabsi
FNDA:0,settabsb
FNDA:0,treatstackoption
FNDA:52,db_getinfo
FNDA:0,db_getlocal
FNDA:0,db_setlocal
FNDA:0,auxupvalue
FNDA:0,db_getupvalue
FNDA:0,db_setupvalue
FNDA:0,checkupval
FNDA:0,db_upvalueid
FNDA:0,db_upvaluejoin
FNDA:0,hookf
FNDA:0,makemask
FNDA:0,unmakemask
FNDA:0,db_sethook
FNDA:0,db_gethook
FNDA:0,db_debug
FNDA:0,db_traceback
FNDA:1,luaopen_debug
FNF:28
FNH:7
DA:35,52
DA:36,52
DA:37,0
DA:38,52
DA:41,1
DA:42,1
DA:43,1
DA:47,0
DA:48,0
DA:49,0
DA:50,0
DA:52,0
DA:56,0
DA:57,0
DA:58,0
DA:60,0
DA:61,0
DA:62,0
DA:66,0
DA:67,0
DA:68,0
DA:70,0
DA:71,0
DA:75,0
DA:76,0
DA:77,0
DA:78,0
DA:79,0
DA:80,0
DA:90,52
DA:91,52
DA:92,0
DA:93,0
DA:96,52
DA:97,52
DA:107,156
DA:108,156
DA:109,156
DA:110,156
DA:112,104
DA:113,104
DA:114,104
DA:115,104
DA:117,0
DA:118,0
DA:119,0
DA:120,0
DA:130,0
DA:131,0
DA:132,0
DA:134,0
DA:135,0
DA:136,0
DA:145,52
DA:148,52
DA:149,52
DA:150,52
DA:151,52
DA:152,0
DA:153,0
DA:154,0
DA:157,52
DA:158,0
DA:159,0
DA:162,52
DA:163,0
DA:164,52
DA:165,52
DA:166,52
DA:167,52
DA:168,52
DA:169,52
DA:170,52
DA:172,52
DA:173,0
DA:174,52
DA:175,0
DA:176,0
DA:177,0
DA:179,52
DA:180,0
DA:181,0
DA:183,52
DA:184,0
DA:185,52
DA:186,0
DA:187,52
DA:188,0
DA:189,52
DA:193,0
DA:195,0
DA:198,0
DA:199,0
DA:200,0
DA:201,0
DA:202,0
DA:205,0
DA:206,0
DA:207,0
DA:208,0
DA:209,0
DA:210,0
DA:211,0
DA:212,0
DA:213,0
DA:214,0
DA:217,0
DA:218,0
DA:224,0
DA:227,0
DA:229,0
DA:230,0
DA:231,0
DA:232,0
DA:233,0
DA:234,0
DA:235,0
DA:236,0
DA:237,0
DA:238,0
DA:239,0
DA:240,0
DA:241,0
DA:248,0
DA:250,0
DA:251,0
DA:252,0
DA:253,0
DA:254,0
DA:255,0
DA:256,0
DA:260,0
DA:261,0
DA:265,0
DA:266,0
DA:267,0
DA:275,0
DA:276,0
DA:277,0
DA:278,0
DA:280,0
DA:284,0
DA:285,0
DA:286,0
DA:287,0
DA:291,0
DA:292,0
DA:293,0
DA:294,0
DA:295,0
DA:296,0
DA:297,0
DA:305,0
DA:308,0
DA:309,0
DA:310,0
DA:311,0
DA:312,0
DA:313,0
DA:314,0
DA:316,0
DA:318,0
DA:324,0
DA:325,0
DA:326,0
DA:327,0
DA:328,0
DA:329,0
DA:330,0
DA:337,0
DA:338,0
DA:339,0
DA:340,0
DA:341,0
DA:342,0
DA:343,0
DA:347,0
DA:350,0
DA:351,0
DA:352,0
DA:353,0
DA:356,0
DA:357,0
DA:358,0
DA:359,0
DA:361,0
DA:362,0
DA:363,0
DA:364,0
DA:365,0
DA:366,0
DA:367,0
DA:368,0
DA:370,0
DA:371,0
DA:372,0
DA:373,0
DA:374,0
DA:375,0
DA:379,0
DA:381,0
DA:383,0
DA:384,0
DA:385,0
DA:386,0
DA:387,0
DA:388,0
DA:390,0
DA:391,0
DA:392,0
DA:393,0
DA:394,0
DA:396,0
DA:397,0
DA:398,0
DA:402,0
DA:405,0
DA:406,0
DA:407,0
DA:408,0
DA:409,0
DA:410,0
DA:411,0
DA:412,0
DA:413,0
DA:417,0
DA:419,0
DA:420,0
DA:421,0
DA:422,0
DA:424,0
DA:425,0
DA:427,0
DA:452,1
DA:453,1
DA:454,1
LF:236
LH:42
end_of_record
TN:result
SF:/home/zheli/test/nmap-7.70/liblua/lmathlib.c
FN:39,math_abs
FN:50,math_sin
FN:55,math_cos
FN:60,math_tan
FN:65,math_asin
FN:70,math_acos
FN:75,math_atan
FN:83,math_toint
FN:96,pushnumint
FN:105,math_floor
FN:116,math_ceil
FN:127,math_fmod
FN:149,math_modf
FN:166,math_sqrt
FN:172,math_ult
FN:179,math_log
FN:196,math_exp
FN:201,math_deg
FN:206,math_rad
FN:212,math_min
FN:226,math_max
FN:244,math_random
FN:274,math_randomseed
FN:281,math_type
FN:303,math_cosh
FN:308,math_sinh
FN:313,math_tanh
FN:318,math_pow
FN:325,math_frexp
FN:332,math_ldexp
FN:339,math_log10
FN:395,luaopen_math
FNDA:0,math_abs
FNDA:0,math_sin
FNDA:0,math_cos
FNDA:0,math_tan
FNDA:0,math_asin
FNDA:0,math_acos
FNDA:0,math_atan
FNDA:60,math_toint
FNDA:0,pushnumint
FNDA:0,math_floor
FNDA:0,math_ceil
FNDA:0,math_fmod
FNDA:0,math_modf
FNDA:0,math_sqrt
FNDA:0,math_ult
FNDA:0,math_log
FNDA:0,math_exp
FNDA:0,math_deg
FNDA:0,math_rad
FNDA:0,math_min
FNDA:0,math_max
FNDA:0,math_random
FNDA:0,math_randomseed
FNDA:0,math_type
FNDA:0,math_cosh
FNDA:0,math_sinh
FNDA:0,math_tanh
FNDA:0,math_pow
FNDA:0,math_frexp
FNDA:0,math_ldexp
FNDA:0,math_log10
FNDA:1,luaopen_math
FNF:32
FNH:2
DA:39,0
DA:40,0
DA:41,0
DA:42,0
DA:43,0
DA:46,0
DA:47,0
DA:50,0
DA:51,0
DA:52,0
DA:55,0
DA:56,0
DA:57,0
DA:60,0
DA:61,0
DA:62,0
DA:65,0
DA:66,0
DA:67,0
DA:70,0
DA:71,0
DA:72,0
DA:75,0
DA:76,0
DA:77,0
DA:78,0
DA:79,0
DA:83,60
DA:85,60
DA:86,60
DA:87,60
DA:89,0
DA:90,0
DA:92,60
DA:96,0
DA:98,0
DA:99,0
DA:101,0
DA:102,0
DA:105,0
DA:106,0
DA:107,0
DA:109,0
DA:110,0
DA:112,0
DA:116,0
DA:117,0
DA:118,0
DA:120,0
DA:121,0
DA:123,0
DA:127,0
DA:128,0
DA:129,0
DA:130,0
DA:131,0
DA:132,0
DA:135,0
DA:138,0
DA:140,0
DA:149,0
DA:150,0
DA:151,0
DA:152,0
DA:155,0
DA:157,0
DA:158,0
DA:160,0
DA:162,0
DA:166,0
DA:167,0
DA:168,0
DA:172,0
DA:173,0
DA:174,0
DA:175,0
DA:176,0
DA:179,0
DA:180,0
DA:182,0
DA:183,0
DA:185,0
DA:187,0
DA:189,0
DA:190,0
DA:192,0
DA:193,0
DA:196,0
DA:197,0
DA:198,0
DA:201,0
DA:202,0
DA:203,0
DA:206,0
DA:207,0
DA:208,0
DA:212,0
DA:213,0
DA:214,0
DA:216,0
DA:217,0
DA:218,0
DA:219,0
DA:221,0
DA:222,0
DA:226,0
DA:227,0
DA:228,0
DA:230,0
DA:231,0
DA:232,0
DA:233,0
DA:235,0
DA:236,0
DA:244,0
DA:246,0
DA:247,0
DA:249,0
DA:250,0
DA:253,0
DA:254,0
DA:255,0
DA:258,0
DA:259,0
DA:260,0
DA:262,0
DA:265,0
DA:266,0
DA:268,0
DA:269,0
DA:270,0
DA:274,0
DA:275,0
DA:276,0
DA:277,0
DA:281,0
DA:282,0
DA:283,0
DA:284,0
DA:286,0
DA:289,0
DA:290,0
DA:292,0
DA:303,0
DA:304,0
DA:305,0
DA:308,0
DA:309,0
DA:310,0
DA:313,0
DA:314,0
DA:315,0
DA:318,0
DA:319,0
DA:320,0
DA:321,0
DA:322,0
DA:325,0
DA:327,0
DA:328,0
DA:329,0
DA:332,0
DA:333,0
DA:334,0
DA:335,0
DA:336,0
DA:339,0
DA:340,0
DA:341,0
DA:395,1
DA:396,1
DA:397,1
DA:398,1
DA:399,1
DA:400,1
DA:401,1
DA:402,1
DA:403,1
DA:404,1
DA:405,1
LF:180
LH:16
end_of_record
TN:result
SF:/home/zheli/test/nmap-7.70/liblua/lzio.c
FN:23,luaZ_fill
FN:38,luaZ_init
FN:48,luaZ_read
FNDA:193,luaZ_fill
FNDA:23,luaZ_init
FNDA:0,luaZ_read
FNF:3
FNH:2
DA:23,193
DA:25,193
DA:28,193
DA:30,193
DA:31,23
DA:32,170
DA:33,170
DA:34,170
DA:38,23
DA:39,23
DA:40,23
DA:41,23
DA:42,23
DA:43,23
DA:44,23
DA:48,0
DA:49,0
DA:51,0
DA:52,0
DA:53,0
DA:55,0
DA:56,0
DA:59,0
DA:60,0
DA:61,0
DA:62,0
DA:63,0
DA:64,0
DA:66,0
LF:29
LH:15
end_of_record
TN:result
SF:/home/zheli/test/nmap-7.70/liblua/lfunc.c
FN:25,luaF_newCclosure
FN:33,luaF_newLclosure
FN:45,luaF_initupvals
FN:57,luaF_findupval
FN:83,luaF_close
FN:99,luaF_newproto
FN:125,luaF_freeproto
FN:140,luaF_getlocalname
FNDA:70,luaF_newCclosure
FNDA:1197,luaF_newLclosure
FNDA:23,luaF_initupvals
FNDA:2281,luaF_findupval
FNDA:5691,luaF_close
FNDA:466,luaF_newproto
FNDA:466,luaF_freeproto
FNDA:0,luaF_getlocalname
FNF:8
FNH:7
DA:25,70
DA:26,70
DA:27,70
DA:28,70
DA:29,70
DA:33,1197
DA:34,1197
DA:35,1197
DA:36,1197
DA:37,1197
DA:38,1197
DA:39,1197
DA:45,23
DA:47,46
DA:48,23
DA:49,23
DA:50,23
DA:51,23
DA:52,23
DA:54,23
DA:57,2281
DA:58,2281
DA:62,16702
DA:64,12640
DA:65,500
DA:66,12140
DA:69,1781
DA:70,1781
DA:71,1781
DA:72,1781
DA:73,1781
DA:74,1781
DA:75,1781
DA:76,7
DA:77,7
DA:79,1781
DA:83,5691
DA:85,13163
DA:87,1781
DA:88,1781
DA:89,6
DA:91,1775
DA:92,1775
DA:93,1775
DA:96,5691
DA:99,466
DA:100,466
DA:101,466
DA:102,466
DA:103,466
DA:104,466
DA:105,466
DA:106,466
DA:107,466
DA:108,466
DA:109,466
DA:110,466
DA:111,466
DA:112,466
DA:113,466
DA:114,466
DA:115,466
DA:116,466
DA:117,466
DA:118,466
DA:119,466
DA:120,466
DA:121,466
DA:125,466
DA:126,466
DA:127,466
DA:128,466
DA:129,466
DA:130,466
DA:131,466
DA:132,466
DA:133,466
DA:140,0
DA:142,0
DA:143,0
DA:144,0
DA:145,0
DA:146,0
DA:149,0
LF:84
LH:77
end_of_record
TN:result
SF:/home/zheli/test/nmap-7.70/liblua/lvm.c
FN:72,luaV_tonumber_
FN:94,luaV_tointeger
FN:135,forlimit
FN:160,luaV_finishget
FN:203,luaV_finishset
FN:248,l_strcmp
FN:281,LTintfloat
FN:300,LEintfloat
FN:318,LTnum
FN:341,LEnum
FN:364,luaV_lessthan
FN:384,luaV_lessequal
FN:407,luaV_equalobj
FN:460,copy2buff
FN:474,luaV_concat
FN:517,luaV_objlen
FN:552,luaV_div
FN:572,luaV_mod
FN:593,luaV_shiftl
FN:610,getcached
FN:632,pushclosure
FN:656,luaV_finishOp
FN:789,luaV_execute
FNDA:96355,luaV_tonumber_
FNDA:112,luaV_tointeger
FNDA:47,forlimit
FNDA:8628,luaV_finishget
FNDA:36500,luaV_finishset
FNDA:0,l_strcmp
FNDA:11,LTintfloat
FNDA:90,LEintfloat
FNDA:49,LTnum
FNDA:1161,LEnum
FNDA:49,luaV_lessthan
FNDA:1161,luaV_lessequal
FNDA:513456,luaV_equalobj
FNDA:22097,copy2buff
FNDA:22117,luaV_concat
FNDA:8499,luaV_objlen
FNDA:0,luaV_div
FNDA:786,luaV_mod
FNDA:2967,luaV_shiftl
FNDA:12617,getcached
FNDA:1174,pushclosure
FNDA:17,luaV_finishOp
FNDA:37716,luaV_execute
FNF:23
FNH:21
DA:72,96355
DA:74,96355
DA:75,18449
DA:76,18449
DA:78,87914
DA:79,10008
DA:80,0
DA:81,0
DA:84,77906
DA:94,142
DA:97,142
DA:98,34
DA:99,34
DA:100,34
DA:101,20
DA:102,0
DA:103,0
DA:105,14
DA:107,108
DA:108,77
DA:109,77
DA:111,61
DA:112,30
DA:113,30
DA:114,30
DA:116,1
DA:135,47
DA:137,47
DA:138,47
DA:140,0
DA:141,0
DA:142,0
DA:143,0
DA:144,0
DA:147,0
DA:148,0
DA:151,47
DA:160,8628
DA:164,8633
DA:165,8633
DA:167,6836
DA:168,6836
DA:169,0
DA:174,1797
DA:175,1797
DA:176,1630
DA:177,1630
DA:181,7003
DA:182,32
DA:183,32
DA:185,6971
DA:186,6971
DA:187,6966
DA:188,6966
DA:192,0
DA:203,36500
DA:206,36500
DA:208,36500
DA:209,36500
DA:211,36500
DA:212,36500
DA:213,36448
DA:214,36320
DA:216,36448
DA:217,36448
DA:218,36448
DA:219,36448
DA:224,0
DA:225,0
DA:228,52
DA:229,52
DA:230,52
DA:232,0
DA:233,0
DA:234,0
DA:237,0
DA:248,0
DA:249,0
DA:250,0
DA:251,0
DA:252,0
DA:254,0
DA:255,0
DA:256,0
DA:258,0
DA:259,0
DA:260,0
DA:261,0
DA:262,0
DA:264,0
DA:265,0
DA:267,0
DA:281,11
DA:283,11
DA:284,0
DA:285,0
DA:286,0
DA:287,0
DA:289,0
DA:292,11
DA:300,90
DA:302,90
DA:303,0
DA:304,0
DA:305,0
DA:306,0
DA:308,0
DA:311,90
DA:318,49
DA:319,49
DA:320,46
DA:321,46
DA:322,35
DA:324,11
DA:327,3
DA:328,3
DA:329,1
DA:330,2
DA:331,0
DA:333,2
DA:341,1161
DA:342,1161
DA:343,1161
DA:344,1161
DA:345,1073
DA:347,88
DA:350,0
DA:351,0
DA:352,0
DA:353,0
DA:354,0
DA:356,0
DA:364,49
DA:366,49
DA:367,49
DA:368,0
DA:369,0
DA:370,0
DA:371,0
DA:372,0
DA:384,1161
DA:386,1161
DA:387,1161
DA:388,0
DA:389,0
DA:390,0
DA:391,0
DA:393,0
DA:394,0
DA:395,0
DA:396,0
DA:397,0
DA:398,0
DA:407,513456
DA:409,513456
DA:410,36444
DA:411,36444
DA:414,0
DA:418,477012
DA:419,71
DA:420,7833
DA:421,0
DA:422,42
DA:423,18157
DA:424,48
DA:425,29918
DA:426,157
DA:428,4
DA:429,0
DA:430,0
DA:431,0
DA:432,0
DA:433,0
DA:436,420695
DA:437,17456
DA:438,17446
DA:439,17446
DA:440,17446
DA:441,17446
DA:444,87
DA:446,17446
DA:447,17446
DA:448,0
DA:449,0
DA:460,22097
DA:461,22097
DA:463,45377
DA:464,45377
DA:465,45377
DA:466,45377
DA:467,22097
DA:474,22154
DA:477,22154
DA:478,22154
DA:479,22154
DA:480,0
DA:481,22154
DA:482,42
DA:483,22112
DA:484,15
DA:488,22097
DA:491,45377
DA:492,23280
DA:493,23280
DA:494,0
DA:495,23280
DA:497,22097
DA:499,22067
DA:500,22067
DA:503,30
DA:504,30
DA:506,22097
DA:508,22154
DA:509,22154
DA:510,22154
DA:511,22117
DA:517,8499
DA:519,8499
DA:521,1641
DA:522,1641
DA:523,1641
DA:524,1641
DA:525,1641
DA:528,1963
DA:529,1963
DA:532,1
DA:533,1
DA:536,4894
DA:537,4894
DA:538,0
DA:539,4894
DA:542,4894
DA:552,0
DA:553,0
DA:554,0
DA:555,0
DA:556,0
DA:559,0
DA:560,0
DA:561,0
DA:562,0
DA:572,786
DA:573,786
DA:574,0
DA:575,0
DA:576,0
DA:579,786
DA:580,786
DA:581,0
DA:582,786
DA:593,2967
DA:594,2967
DA:595,1610
DA:596,1610
DA:599,1357
DA:600,1357
DA:610,12617
DA:611,12617
DA:612,12617
DA:613,12111
DA:614,12111
DA:616,27853
DA:617,16410
[...]
DA:1492,81
DA:1495,0
DA:1497,0
DA:1498,0
DA:1503,0
DA:1504,0
DA:1505,0
DA:1506,0
DA:1507,0
DA:1508,0
DA:1511,17
DA:1512,17
DA:1515,0
DA:1516,0
DA:1517,0
DA:1518,0
DA:1519,0
DA:1522,0
DA:1523,0
DA:1524,0
DA:1525,0
DA:1528,64
DA:1529,64
DA:1531,81
DA:1533,17
DA:1534,17
DA:1562,1
DA:1563,1
DA:1564,1
DA:1565,1
DA:1566,1
DA:1567,1
DA:1568,1
DA:1569,1
DA:1570,1
DA:1571,1
DA:1577,1
DA:1578,1
DA:1579,1
DA:1580,1
LF:757
LH:481
end_of_record
TN:result
SF:/home/zheli/test/nmap-7.70/liblua/loadlib.c
FN:151,lsys_unloadlib
FN:156,lsys_load
FN:163,lsys_sym
FN:278,checkclib
FN:292,addtoclib
FN:306,gctm
FN:333,lookforfunc
FN:354,ll_loadlib
FN:377,readable
FN:385,pushnexttemplate
FN:396,searchpath
FN:419,ll_searchpath
FN:433,findfile
FN:445,checkload
FN:456,searcher_Lua
FN:473,loadfunc
FN:491,searcher_C
FN:499,searcher_Croot
FN:521,searcher_preload
FN:530,findloader
FN:558,ll_require
FN:676,noenv
FN:685,setpath
FN:729,createsearcherstable
FN:753,createclibstable
FN:763,luaopen_package
FNDA:0,lsys_unloadlib
FNDA:0,lsys_load
FNDA:0,lsys_sym
FNDA:0,checkclib
FNDA:0,addtoclib
FNDA:1,gctm
FNDA:0,lookforfunc
FNDA:0,ll_loadlib
FNDA:0,readable
FNDA:0,pushnexttemplate
FNDA:0,searchpath
FNDA:0,ll_searchpath
FNDA:0,findfile
FNDA:0,checkload
FNDA:0,searcher_Lua
FNDA:0,loadfunc
FNDA:0,searcher_C
FNDA:0,searcher_Croot
FNDA:0,searcher_preload
FNDA:20,findloader
FNDA:153,ll_require
FNDA:0,noenv
FNDA:2,setpath
FNDA:1,createsearcherstable
FNDA:1,createclibstable
FNDA:1,luaopen_package
FNF:26
FNH:7
DA:151,0
DA:152,0
DA:153,0
DA:156,0
DA:157,0
DA:158,0
DA:159,0
DA:163,0
DA:164,0
DA:165,0
DA:166,0
DA:278,0
DA:280,0
DA:281,0
DA:282,0
DA:283,0
DA:284,0
DA:292,0
DA:293,0
DA:294,0
DA:295,0
DA:296,0
DA:297,0
DA:298,0
DA:299,0
DA:306,1
DA:307,1
DA:308,1
DA:309,0
DA:310,0
DA:311,0
DA:313,1
DA:333,0
DA:334,0
DA:335,0
DA:336,0
DA:337,0
DA:338,0
DA:340,0
DA:341,0
DA:342,0
DA:345,0
DA:346,0
DA:347,0
DA:348,0
DA:349,0
DA:354,0
DA:355,0
DA:356,0
DA:357,0
DA:358,0
DA:359,0
DA:361,0
DA:362,0
DA:363,0
DA:364,0
DA:377,0
DA:378,0
DA:379,0
DA:380,0
DA:381,0
DA:385,0
DA:387,0
DA:388,0
DA:389,0
DA:390,0
DA:391,0
DA:392,0
DA:396,0
DA:401,0
DA:402,0
DA:403,0
DA:404,0
DA:405,0
DA:407,0
DA:408,0
DA:409,0
DA:410,0
DA:411,0
DA:412,0
DA:414,0
DA:415,0
DA:419,0
DA:420,0
DA:424,0
DA:426,0
DA:427,0
DA:428,0
DA:433,0
DA:437,0
DA:438,0
DA:439,0
DA:440,0
DA:441,0
DA:445,0
DA:446,0
DA:447,0
DA:448,0
DA:451,0
DA:456,0
DA:458,0
DA:459,0
DA:460,0
DA:461,0
DA:473,0
DA:476,0
DA:477,0
DA:478,0
DA:480,0
DA:481,0
DA:482,0
DA:483,0
DA:484,0
DA:486,0
DA:487,0
DA:491,0
DA:492,0
DA:493,0
DA:494,0
DA:495,0
DA:499,0
DA:501,0
DA:502,0
DA:504,0
DA:505,0
DA:506,0
DA:507,0
DA:508,0
DA:509,0
DA:510,0
DA:512,0
DA:513,0
DA:516,0
DA:517,0
DA:521,0
DA:522,0
DA:523,0
DA:524,0
DA:525,0
DA:526,0
DA:530,20
DA:533,20
DA:535,20
DA:536,0
DA:538,20
DA:539,20
DA:540,0
DA:541,0
DA:542,0
DA:544,20
DA:545,20
DA:546,20
DA:547,40
DA:548,0
DA:549,0
DA:550,0
DA:553,0
DA:554,0
DA:558,153
DA:559,153
DA:560,153
DA:561,153
DA:562,153
DA:563,153
DA:564,133
DA:566,20
DA:567,20
DA:568,20
DA:569,20
DA:570,20
DA:571,20
DA:572,20
DA:573,20
DA:574,0
DA:575,0
DA:576,0
DA:578,20
DA:676,0
DA:678,0
DA:679,0
DA:680,0
DA:681,0
DA:685,2
DA:687,2
DA:688,2
DA:689,2
DA:690,2
DA:691,2
DA:694,0
DA:696,0
DA:697,0
DA:700,2
DA:701,2
DA:729,1
DA:734,1
DA:736,5
DA:737,4
DA:738,4
DA:739,4
DA:745,1
DA:746,1
DA:753,1
DA:754,1
DA:755,1
DA:756,1
DA:757,1
DA:758,1
DA:759,1
DA:760,1
DA:763,1
DA:764,1
DA:765,1
DA:766,1
DA:768,1
DA:770,1
DA:772,1
DA:774,1
DA:776,1
DA:777,1
DA:779,1
DA:780,1
DA:781,1
DA:782,1
DA:783,1
DA:784,1
DA:785,1
LF:226
LH:70
end_of_record
TN:result
SF:/home/zheli/test/nmap-7.70/liblua/lundump.c
FN:39,error
FN:51,LoadBlock
FN:60,LoadByte
FN:67,LoadInt
FN:74,LoadNumber
FN:81,LoadInteger
FN:88,LoadString
FN:107,LoadCode
FN:118,LoadConstants
FN:152,LoadProtos
FN:166,LoadUpvalues
FN:180,LoadDebug
FN:202,LoadFunction
FN:219,checkliteral
FN:228,fchecksize
FN:236,checkHeader
FN:258,luaU_undump
FNDA:0,error
FNDA:0,LoadBlock
FNDA:0,LoadByte
FNDA:0,LoadInt
FNDA:0,LoadNumber
FNDA:0,LoadInteger
FNDA:0,LoadString
FNDA:0,LoadCode
FNDA:0,LoadConstants
FNDA:0,LoadProtos
FNDA:0,LoadUpvalues
FNDA:0,LoadDebug
FNDA:0,LoadFunction
FNDA:0,checkliteral
FNDA:0,fchecksize
FNDA:0,checkHeader
FNDA:0,luaU_undump
FNF:17
FNH:0
DA:39,0
DA:40,0
DA:41,0
DA:51,0
DA:52,0
DA:53,0
DA:54,0
DA:60,0
DA:62,0
DA:63,0
DA:67,0
DA:69,0
DA:70,0
DA:74,0
DA:76,0
DA:77,0
DA:81,0
DA:83,0
DA:84,0
DA:88,0
DA:89,0
DA:90,0
DA:91,0
DA:92,0
DA:93,0
DA:94,0
DA:96,0
DA:97,0
DA:100,0
DA:101,0
DA:102,0
DA:107,0
DA:108,0
DA:109,0
DA:110,0
DA:111,0
DA:112,0
DA:118,0
DA:120,0
DA:121,0
DA:122,0
DA:123,0
DA:124,0
DA:125,0
DA:126,0
DA:127,0
DA:128,0
DA:130,0
DA:131,0
DA:133,0
DA:134,0
DA:136,0
DA:137,0
DA:139,0
DA:140,0
DA:143,0
DA:144,0
DA:149,0
DA:152,0
DA:154,0
DA:155,0
DA:156,0
DA:157,0
DA:158,0
DA:159,0
DA:160,0
DA:161,0
DA:163,0
DA:166,0
DA:168,0
DA:169,0
DA:170,0
DA:171,0
DA:172,0
DA:173,0
DA:174,0
DA:175,0
DA:177,0
DA:180,0
DA:182,0
DA:183,0
DA:184,0
DA:185,0
DA:186,0
DA:187,0
DA:188,0
DA:189,0
DA:190,0
DA:191,0
DA:192,0
DA:193,0
DA:194,0
DA:196,0
DA:197,0
DA:198,0
DA:199,0
DA:202,0
DA:203,0
DA:204,0
DA:205,0
DA:206,0
DA:207,0
DA:208,0
DA:209,0
DA:210,0
DA:211,0
DA:212,0
DA:213,0
DA:214,0
DA:215,0
DA:216,0
DA:219,0
DA:221,0
DA:222,0
DA:223,0
DA:224,0
DA:225,0
DA:228,0
DA:229,0
DA:230,0
DA:231,0
DA:236,0
DA:237,0
DA:238,0
DA:239,0
DA:240,0
DA:241,0
DA:242,0
DA:243,0
DA:244,0
DA:245,0
DA:246,0
DA:247,0
DA:248,0
DA:249,0
DA:250,0
DA:251,0
DA:252,0
DA:258,0
DA:261,0
DA:262,0
DA:263,0
DA:264,0
DA:266,0
DA:267,0
DA:268,0
DA:269,0
DA:270,0
DA:271,0
DA:272,0
DA:273,0
DA:274,0
DA:277,0
LF:153
LH:0
end_of_record
TN:result
SF:/home/zheli/test/nmap-7.70/liblua/lstate.c
FN:81,makeseed
FN:98,luaE_setdebt
FN:108,luaE_extendCI
FN:122,luaE_freeCI
FN:137,luaE_shrinkCI
FN:151,stack_init
FN:171,freestack
FN:184,init_registry
FN:203,f_luaopen
FN:221,preinit_thread
FN:242,close_state
FN:255,lua_newthread
FN:285,luaE_freethread
FN:295,lua_newstate
FN:341,lua_close
FNDA:1,makeseed
FNDA:1571,luaE_setdebt
FNDA:70,luaE_extendCI
FNDA:10,luaE_freeCI
FNDA:17,luaE_shrinkCI
FNDA:10,stack_init
FNDA:10,freestack
FNDA:1,init_registry
FNDA:1,f_luaopen
FNDA:10,preinit_thread
FNDA:1,close_state
FNDA:9,lua_newthread
FNDA:9,luaE_freethread
FNDA:1,lua_newstate
FNDA:1,lua_close
FNF:15
FNH:15
DA:81,1
DA:83,1
DA:84,1
DA:85,1
DA:86,1
DA:87,1
DA:88,1
DA:90,1
DA:98,1571
DA:99,1571
DA:101,1571
DA:102,0
DA:103,1571
DA:104,1571
DA:105,1571
DA:108,70
DA:109,70
DA:111,70
DA:112,70
DA:113,70
DA:114,70
DA:115,70
DA:122,10
DA:123,10
DA:124,10
DA:125,10
DA:126,74
DA:127,54
DA:128,54
DA:129,54
DA:131,10
DA:137,17
DA:138,17
DA:141,50
DA:142,16
DA:143,16
DA:144,16
DA:145,16
DA:146,16
DA:148,17
DA:151,10
DA:154,10
DA:155,10
DA:156,410
DA:157,400
DA:158,10
DA:159,10
DA:161,10
DA:162,10
DA:163,10
DA:164,10
DA:165,10
DA:166,10
DA:167,10
DA:168,10
DA:171,10
DA:172,10
DA:173,10
DA:174,10
DA:175,10
DA:177,10
DA:184,1
DA:187,1
DA:188,1
DA:189,1
DA:191,1
DA:192,1
DA:194,1
DA:195,1
DA:196,1
DA:203,1
DA:204,1
DA:206,1
DA:207,1
DA:208,1
DA:209,1
DA:210,1
DA:211,1
DA:212,1
DA:214,1
DA:221,10
DA:222,10
DA:223,10
DA:224,10
DA:225,10
DA:226,10
DA:227,10
DA:228,10
DA:229,10
DA:230,10
DA:231,10
DA:232,10
DA:233,10
DA:234,10
DA:235,10
DA:236,10
DA:237,10
DA:238,10
DA:239,10
DA:242,1
DA:243,1
DA:244,1
DA:245,1
DA:246,1
DA:248,1
DA:249,1
DA:251,1
DA:252,1
DA:255,9
DA:256,9
DA:259,9
DA:261,9
DA:262,9
DA:263,9
DA:265,9
DA:266,9
DA:268,9
DA:269,9
DA:270,9
DA:271,9
DA:272,9
DA:273,9
DA:274,9
DA:276,9
DA:279,9
DA:281,9
DA:285,9
DA:286,9
DA:287,9
DA:290,9
DA:291,9
DA:292,9
DA:295,1
DA:299,1
DA:300,1
DA:301,1
DA:302,1
DA:303,1
DA:304,1
DA:305,1
DA:306,1
DA:307,1
DA:308,1
DA:309,1
DA:310,1
DA:311,1
DA:312,1
DA:313,1
DA:314,1
DA:315,1
DA:316,1
DA:317,1
DA:318,1
DA:319,1
DA:320,1
DA:321,1
DA:322,1
DA:323,1
DA:324,1
DA:325,1
DA:326,1
DA:327,1
DA:328,1
DA:329,1
DA:330,1
DA:331,1
DA:332,1
DA:334,0
DA:335,0
DA:337,1
DA:341,1
DA:342,1
DA:344,1
DA:345,1
LF:174
LH:171
end_of_record
TN:result
SF:/home/zheli/test/nmap-7.70/liblua/lmem.c
FN:48,luaM_growaux_
FN:68,luaM_toobig
FN:77,luaM_realloc_
FNDA:6079,luaM_growaux_
FNDA:0,luaM_toobig
FNDA:551908,luaM_realloc_
FNF:3
FNH:2
DA:48,6079
DA:52,6079
DA:53,0
DA:54,0
DA:55,0
DA:58,6079
DA:59,6079
DA:60,2313
DA:62,6079
DA:63,6079
DA:64,6079
DA:68,0
DA:69,0
DA:77,551908
DA:79,551908
DA:80,551908
DA:86,551908
DA:87,551908
DA:89,0
DA:90,0
DA:91,0
DA:93,0
DA:94,0
DA:97,551908
DA:98,551908
LF:25
LH:15
end_of_record
TN:result
SF:/home/zheli/test/nmap-7.70/liblua/loslib.c
FN:69,l_checktime
FN:141,os_execute
FN:153,os_remove
FN:159,os_rename
FN:166,os_tmpname
FN:177,os_getenv
FN:183,os_clock
FN:197,setfield
FN:202,setboolfield
FN:213,setallfields
FN:226,getboolfield
FN:239,getfield
FN:260,checkoption
FN:282,os_date
FN:320,os_time
FN:345,os_difftime
FN:355,os_setlocale
FN:367,os_exit
FN:399,luaopen_os
FNDA:0,l_checktime
FNDA:0,os_execute
FNDA:0,os_remove
FNDA:0,os_rename
FNDA:0,os_tmpname
FNDA:0,os_getenv
FNDA:0,os_clock
FNDA:0,setfield
FNDA:0,setboolfield
FNDA:0,setallfields
FNDA:0,getboolfield
FNDA:0,getfield
FNDA:0,checkoption
FNDA:0,os_date
FNDA:5,os_time
FNDA:0,os_difftime
FNDA:0,os_setlocale
FNDA:0,os_exit
FNDA:1,luaopen_os
FNF:19
FNH:2
DA:69,0
DA:70,0
DA:72,0
DA:141,0
DA:142,0
DA:143,0
DA:144,0
DA:145,0
DA:147,0
DA:148,0
DA:153,0
DA:154,0
DA:155,0
DA:159,0
DA:160,0
DA:161,0
DA:162,0
DA:166,0
DA:169,0
DA:170,0
DA:171,0
DA:172,0
DA:173,0
DA:177,0
DA:178,0
DA:179,0
DA:183,0
DA:184,0
DA:185,0
DA:197,0
DA:198,0
DA:199,0
DA:200,0
DA:202,0
DA:203,0
DA:204,0
DA:205,0
DA:206,0
DA:213,0
DA:214,0
DA:215,0
DA:216,0
DA:217,0
DA:218,0
DA:219,0
DA:220,0
DA:221,0
DA:222,0
DA:223,0
DA:226,0
DA:228,0
DA:229,0
DA:230,0
DA:239,0
DA:241,0
DA:242,0
DA:243,0
DA:244,0
DA:245,0
DA:246,0
DA:247,0
DA:248,0
DA:251,0
DA:252,0
DA:253,0
DA:255,0
DA:256,0
DA:260,0
DA:262,0
DA:263,0
DA:264,0
DA:265,0
DA:266,0
DA:267,0
DA:268,0
DA:269,0
DA:272,0
DA:274,0
DA:282,0
DA:283,0
DA:284,0
DA:286,0
DA:287,0
DA:288,0
DA:291,0
DA:292,0
DA:293,0
DA:294,0
DA:295,0
DA:296,0
DA:301,0
DA:302,0
DA:303,0
DA:304,0
DA:305,0
DA:308,0
DA:309,0
DA:310,0
DA:311,0
DA:314,0
DA:316,0
DA:320,5
DA:322,5
DA:323,5
DA:326,0
DA:327,0
DA:328,0
DA:329,0
DA:330,0
DA:331,0
DA:332,0
DA:333,0
DA:334,0
DA:335,0
DA:336,0
DA:338,5
DA:339,0
DA:340,5
DA:341,5
DA:345,0
DA:346,0
DA:347,0
DA:348,0
DA:349,0
DA:355,0
DA:360,0
DA:361,0
DA:362,0
DA:363,0
DA:367,0
DA:369,0
DA:370,0
DA:372,0
DA:373,0
DA:374,0
DA:375,0
DA:376,0
DA:399,1
DA:400,1
DA:401,1
LF:140
LH:9
end_of_record
TN:result
SF:/home/zheli/test/nmap-7.70/liblua/lbitlib.c
FN:49,andaux
FN:58,b_and
FN:65,b_test
FN:72,b_or
FN:82,b_xor
FN:92,b_not
FN:99,b_shift
FN:116,b_lshift
FN:121,b_rshift
FN:126,b_arshift
FN:141,b_rot
FN:152,b_lrot
FN:157,b_rrot
FN:168,fieldargs
FN:180,b_extract
FN:190,b_replace
FN:220,luaopen_bit32
FNDA:0,andaux
FNDA:0,b_and
FNDA:0,b_test
FNDA:0,b_or
FNDA:0,b_xor
FNDA:0,b_not
FNDA:0,b_shift
FNDA:0,b_lshift
FNDA:0,b_rshift
FNDA:0,b_arshift
FNDA:0,b_rot
FNDA:0,b_lrot
FNDA:0,b_rrot
FNDA:0,fieldargs
FNDA:0,b_extract
FNDA:0,b_replace
FNDA:1,luaopen_bit32
FNF:17
FNH:1
DA:49,0
DA:50,0
DA:51,0
DA:52,0
DA:53,0
DA:54,0
DA:58,0
DA:59,0
DA:60,0
DA:61,0
DA:65,0
DA:66,0
DA:67,0
DA:68,0
DA:72,0
DA:73,0
DA:74,0
DA:75,0
DA:76,0
DA:77,0
DA:78,0
DA:82,0
DA:83,0
DA:84,0
DA:85,0
DA:86,0
DA:87,0
DA:88,0
DA:92,0
DA:93,0
DA:94,0
DA:95,0
DA:99,0
DA:100,0
DA:101,0
DA:102,0
DA:103,0
DA:104,0
DA:107,0
DA:108,0
DA:109,0
DA:111,0
DA:112,0
DA:116,0
DA:117,0
DA:121,0
DA:122,0
DA:126,0
DA:127,0
DA:128,0
DA:129,0
DA:130,0
DA:132,0
DA:134,0
DA:135,0
DA:136,0
DA:141,0
DA:142,0
DA:143,0
DA:144,0
DA:145,0
DA:146,0
DA:147,0
DA:148,0
DA:152,0
DA:153,0
DA:157,0
DA:158,0
DA:168,0
DA:169,0
DA:170,0
DA:171,0
DA:172,0
DA:173,0
DA:174,0
DA:175,0
DA:176,0
DA:180,0
DA:182,0
DA:183,0
DA:184,0
DA:185,0
DA:186,0
DA:190,0
DA:192,0
DA:193,0
DA:194,0
DA:195,0
DA:196,0
DA:197,0
DA:198,0
DA:220,1
DA:221,1
DA:222,1
LF:94
LH:3
end_of_record
TN:result
SF:/home/zheli/test/nmap-7.70/liblua/ldebug.c
FN:44,currentpc
FN:50,currentline
FN:61,swapextra
FN:80,lua_sethook
FN:94,lua_gethook
FN:99,lua_gethookmask
FN:104,lua_gethookcount
FN:109,lua_getstack
FN:126,upvalname
FN:133,findvararg
FN:144,findlocal
FN:170,lua_getlocal
FN:194,lua_setlocal
FN:210,funcinfo
FN:228,collectvalidlines
FN:247,auxgetinfo
FN:298,lua_getinfo
FN:344,kname
FN:364,filterpc
FN:374,findsetreg
FN:420,getobjname
FN:474,getfuncname
FN:527,isinstack
FN:538,getupvalname
FN:552,varinfo
FN:566,luaG_typeerror
FN:572,luaG_concaterror
FN:578,luaG_opinterror
FN:590,luaG_tointerror
FN:598,luaG_ordererror
FN:609,luaG_addinfo
FN:621,luaG_errormsg
FN:633,luaG_runerror
FN:646,luaG_traceexec
FNDA:0,currentpc
FNDA:0,currentline
FNDA:110,swapextra
FNDA:0,lua_sethook
FNDA:0,lua_gethook
FNDA:0,lua_gethookmask
FNDA:0,lua_gethookcount
FNDA:58,lua_getstack
FNDA:0,upvalname
FNDA:0,findvararg
FNDA:0,findlocal
FNDA:0,lua_getlocal
FNDA:0,lua_setlocal
FNDA:53,funcinfo
FNDA:0,collectvalidlines
FNDA:55,auxgetinfo
FNDA:55,lua_getinfo
FNDA:0,kname
FNDA:0,filterpc
FNDA:0,findsetreg
FNDA:0,getobjname
FNDA:0,getfuncname
FNDA:0,isinstack
FNDA:0,getupvalname
FNDA:0,varinfo
FNDA:0,luaG_typeerror
FNDA:0,luaG_concaterror
FNDA:0,luaG_opinterror
FNDA:0,luaG_tointerror
FNDA:0,luaG_ordererror
FNDA:0,luaG_addinfo
FNDA:1,luaG_errormsg
FNDA:0,luaG_runerror
FNDA:0,luaG_traceexec
FNF:34
FNH:6
DA:44,0
DA:46,0
DA:50,0
DA:51,0
DA:61,110
DA:62,110
DA:63,0
DA:64,0
DA:65,0
DA:66,0
DA:68,110
DA:80,0
DA:81,0
DA:82,0
DA:83,0
DA:85,0
DA:86,0
DA:87,0
DA:88,0
DA:89,0
DA:90,0
DA:91,0
DA:94,0
DA:95,0
DA:99,0
DA:100,0
DA:104,0
DA:105,0
DA:109,58
DA:112,58
DA:114,215
DA:115,157
DA:116,58
DA:117,54
DA:118,54
DA:120,4
DA:122,58
DA:126,0
DA:127,0
DA:128,0
DA:129,0
DA:133,0
DA:134,0
DA:135,0
DA:136,0
DA:138,0
DA:139,0
DA:144,0
DA:146,0
DA:148,0
DA:149,0
DA:150,0
DA:152,0
DA:153,0
DA:157,0
DA:158,0
DA:159,0
DA:160,0
DA:161,0
DA:163,0
DA:165,0
DA:166,0
DA:170,0
DA:173,0
DA:174,0
DA:175,0
DA:176,0
DA:178,0
DA:181,0
DA:182,0
DA:183,0
DA:184,0
DA:185,0
DA:188,0
DA:190,0
DA:194,0
DA:195,0
DA:198,0
DA:199,0
DA:200,0
DA:201,0
DA:202,0
DA:204,0
DA:206,0
DA:210,53
DA:211,53
DA:212,1
DA:213,1
DA:214,1
DA:215,1
DA:218,52
DA:219,52
DA:220,52
DA:221,52
DA:222,52
DA:224,53
DA:225,53
DA:228,0
DA:229,0
DA:230,0
DA:231,0
DA:236,0
DA:237,0
DA:238,0
DA:239,0
DA:240,0
DA:241,0
DA:242,0
DA:244,0
DA:247,55
DA:249,55
DA:250,111
DA:251,56
DA:253,53
DA:254,53
DA:257,1
DA:258,1
DA:261,0
DA:262,0
DA:263,0
DA:264,0
DA:267,0
DA:268,0
DA:270,0
DA:273,0
DA:274,0
DA:278,1
DA:279,0
DA:281,1
DA:282,1
DA:283,1
DA:284,1
DA:286,1
DA:290,1
DA:291,0
DA:294,55
DA:298,55
DA:304,55
DA:305,55
DA:306,0
DA:307,0
DA:309,0
DA:310,0
DA:313,55
DA:314,55
DA:317,55
DA:318,55
DA:319,55
DA:320,1
DA:321,1
DA:323,55
DA:324,55
DA:325,0
DA:327,55
DA:344,0
DA:345,0
DA:346,0
DA:347,0
DA:348,0
DA:349,0
DA:354,0
DA:355,0
DA:356,0
DA:360,0
DA:364,0
DA:365,0
DA:366,0
DA:367,0
DA:374,0
DA:376,0
DA:377,0
DA:378,0
DA:379,0
DA:380,0
DA:381,0
DA:382,0
DA:384,0
DA:385,0
DA:386,0
DA:387,0
DA:390,0
DA:391,0
DA:392,0
DA:396,0
DA:397,0
DA:398,0
DA:401,0
DA:402,0
DA:404,0
DA:405,0
DA:406,0
DA:408,0
DA:411,0
DA:412,0
DA:413,0
DA:416,0
DA:420,0
DA:423,0
DA:424,0
DA:425,0
DA:427,0
DA:428,0
DA:429,0
DA:430,0
DA:431,0
DA:433,0
DA:434,0
DA:435,0
DA:436,0
DA:440,0
DA:441,0
DA:442,0
DA:443,0
DA:444,0
DA:445,0
DA:446,0
DA:449,0
DA:450,0
DA:454,0
DA:455,0
DA:456,0
DA:457,0
DA:458,0
DA:460,0
DA:463,0
DA:464,0
DA:465,0
DA:467,0
DA:470,0
DA:474,0
DA:475,0
DA:476,0
DA:477,0
DA:478,0
DA:479,0
DA:480,0
DA:481,0
DA:483,0
DA:486,0
DA:488,0
DA:489,0
DA:493,0
DA:494,0
DA:496,0
DA:497,0
DA:501,0
DA:502,0
DA:503,0
DA:505,0
DA:506,0
DA:507,0
DA:508,0
DA:509,0
DA:510,0
DA:511,0
DA:514,0
DA:515,0
DA:527,0
DA:528,0
DA:529,0
DA:538,0
DA:540,0
DA:542,0
DA:543,0
DA:544,0
DA:545,0
DA:548,0
DA:552,0
DA:553,0
DA:554,0
DA:555,0
DA:556,0
DA:557,0
DA:558,0
DA:559,0
DA:560,0
DA:562,0
DA:566,0
DA:567,0
DA:568,0
DA:572,0
DA:573,0
DA:574,0
DA:578,0
DA:581,0
DA:582,0
DA:583,0
DA:590,0
DA:592,0
DA:593,0
DA:594,0
DA:598,0
DA:599,0
DA:600,0
DA:601,0
DA:602,0
DA:604,0
DA:609,0
DA:612,0
DA:613,0
DA:615,0
DA:617,0
DA:621,1
DA:622,1
DA:623,0
DA:624,0
DA:625,0
DA:626,0
DA:627,0
DA:629,1
DA:633,0
DA:634,0
DA:637,0
DA:638,0
DA:639,0
DA:640,0
DA:641,0
DA:642,0
DA:646,0
DA:647,0
DA:648,0
DA:649,0
DA:650,0
DA:651,0
DA:652,0
DA:653,0
DA:654,0
DA:655,0
DA:656,0
DA:658,0
DA:659,0
DA:660,0
DA:661,0
DA:662,0
DA:663,0
DA:664,0
DA:665,0
DA:666,0
DA:667,0
DA:669,0
DA:670,0
DA:671,0
DA:672,0
DA:673,0
DA:674,0
DA:675,0
DA:676,0
LF:347
LH:57
end_of_record
TN:result
SF:/home/zheli/test/nmap-7.70/liblua/lbaselib.c
FN:24,luaB_print
FN:48,b_str2int
FN:69,luaB_tonumber
FN:102,luaB_error
FN:114,luaB_getmetatable
FN:125,luaB_setmetatable
FN:138,luaB_rawequal
FN:146,luaB_rawlen
FN:155,luaB_rawget
FN:163,luaB_rawset
FN:173,luaB_collectgarbage
FN:201,luaB_type
FN:209,pairsmeta
FN:226,luaB_next
FN:238,luaB_pairs
FN:246,ipairsaux
FN:257,luaB_ipairs
FN:270,load_aux
FN:287,luaB_loadfile
FN:317,generic_reader
FN:334,luaB_load
FN:356,dofilecont
FN:362,luaB_dofile
FN:372,luaB_assert
FN:385,luaB_select
FN:408,finishpcall
FN:419,luaB_pcall
FN:434,luaB_xpcall
FN:446,luaB_tostring
FN:486,luaopen_base
FNDA:4,luaB_print
FNDA:18,b_str2int
FNDA:46,luaB_tonumber
FNDA:0,luaB_error
FNDA:18,luaB_getmetatable
FNDA:35,luaB_setmetatable
FNDA:0,luaB_rawequal
FNDA:0,luaB_rawlen
FNDA:1190,luaB_rawget
FNDA:74,luaB_rawset
FNDA:9,luaB_collectgarbage
FNDA:2867,luaB_type
FNDA:1326,pairsmeta
FNDA:360,luaB_next
FNDA:71,luaB_pairs
FNDA:3489,ipairsaux
FNDA:1255,luaB_ipairs
FNDA:22,load_aux
FNDA:21,luaB_loadfile
FNDA:4,generic_reader
FNDA:1,luaB_load
FNDA:0,dofilecont
FNDA:0,luaB_dofile
FNDA:7517,luaB_assert
FNDA:6,luaB_select
FNDA:21,finishpcall
FNDA:21,luaB_pcall
FNDA:0,luaB_xpcall
FNDA:22,luaB_tostring
FNDA:1,luaopen_base
FNF:30
FNH:24
DA:24,4
DA:25,4
DA:27,4
DA:28,10
DA:31,6
DA:32,6
DA:33,6
DA:34,6
DA:35,6
DA:36,0
DA:37,6
DA:38,6
DA:39,6
DA:41,4
DA:42,4
DA:48,18
DA:49,18
DA:50,18
DA:51,18
DA:52,18
DA:53,18
DA:54,18
DA:55,0
DA:57,96
DA:58,61
DA:59,35
DA:60,35
DA:61,35
DA:62,35
DA:63,18
DA:64,18
DA:65,18
DA:69,46
DA:70,46
DA:71,28
DA:72,28
DA:73,25
DA:74,25
DA:78,3
DA:79,3
DA:80,2
DA:87,18
DA:88,18
DA:89,18
DA:90,18
DA:91,18
DA:92,18
DA:93,18
DA:94,18
DA:97,1
DA:98,1
DA:102,0
DA:103,0
DA:104,0
DA:105,0
DA:106,0
DA:107,0
DA:108,0
DA:110,0
DA:114,18
DA:115,18
DA:116,18
DA:117,16
DA:118,16
DA:120,2
DA:121,2
DA:125,35
DA:126,35
DA:127,35
DA:128,35
DA:130,35
DA:131,0
DA:132,35
DA:133,35
DA:134,35
DA:138,0
DA:139,0
DA:140,0
DA:141,0
DA:142,0
DA:146,0
DA:147,0
DA:148,0
DA:150,0
DA:151,0
DA:155,1190
DA:156,1190
DA:157,1190
DA:158,1190
DA:159,1190
DA:160,1190
DA:163,74
DA:164,74
DA:165,74
DA:166,74
DA:167,74
DA:168,74
DA:169,74
DA:173,9
DA:180,9
DA:181,9
DA:182,9
DA:183,9
DA:185,0
DA:186,0
DA:187,0
DA:190,6
DA:191,6
DA:194,3
DA:195,3
DA:201,2867
DA:202,2867
DA:203,2867
DA:204,2867
DA:205,2867
DA:209,1326
DA:211,1326
DA:212,1326
DA:213,1326
DA:214,1326
DA:215,1326
DA:216,71
DA:219,0
DA:220,0
DA:222,1326
DA:226,360
DA:227,360
DA:228,360
DA:229,360
DA:230,276
DA:232,84
DA:233,84
DA:238,71
DA:239,71
DA:246,3489
DA:247,3489
DA:248,3489
DA:249,3489
DA:257,1255
DA:259,1255
DA:270,22
DA:271,22
DA:272,22
DA:273,1
DA:274,1
DA:275,0
DA:277,22
DA:280,0
DA:281,0
DA:282,0
DA:287,21
DA:288,21
DA:289,21
DA:290,21
DA:291,21
DA:292,21
DA:317,4
DA:319,4
DA:320,4
DA:321,4
DA:322,4
DA:323,1
DA:324,1
DA:325,1
DA:327,3
DA:328,0
DA:329,3
DA:330,3
DA:334,1
DA:337,1
DA:338,1
DA:339,1
DA:340,1
DA:341,0
DA:342,0
DA:345,1
DA:346,1
DA:347,1
DA:348,1
DA:350,1
DA:356,0
DA:358,0
DA:362,0
DA:363,0
DA:364,0
DA:365,0
DA:366,0
DA:367,0
DA:368,0
DA:372,7517
DA:373,7517
DA:374,7517
DA:376,0
DA:377,0
DA:378,0
DA:379,0
DA:380,0
DA:385,6
DA:386,6
DA:387,6
DA:388,6
DA:389,6
DA:392,0
DA:393,0
DA:394,0
DA:395,0
DA:396,0
DA:408,21
DA:409,21
DA:410,1
DA:411,1
DA:412,1
DA:415,20
DA:419,21
DA:421,21
DA:422,21
DA:423,21
DA:424,21
DA:425,21
DA:434,0
DA:436,0
DA:437,0
DA:438,0
DA:439,0
DA:440,0
DA:441,0
DA:442,0
DA:446,22
DA:447,22
DA:448,22
DA:449,22
DA:486,1
DA:488,1
DA:489,1
DA:491,1
DA:492,1
DA:494,1
DA:495,1
DA:496,1
LF:239
LH:179
end_of_record
